{"uid":"187b493ff56bd569","name":"Successful Login with Valid Credentials","fullName":"tests.login_test.TestLogin#test_valid_login","historyId":"18657c207d70aa57845e0b7f4751c290","time":{"start":1770319796392,"stop":1770319796396,"duration":4},"status":"broken","statusMessage":"selenium.common.exceptions.InvalidArgumentException: Message: invalid argument\n  (Session info: chrome=144.0.7559.96)\nStacktrace:\n#0 0x5556d702da4a <unknown>\n#1 0x5556d6a46390 <unknown>\n#2 0x5556d6a2d477 <unknown>\n#3 0x5556d6a2b676 <unknown>\n#4 0x5556d6a2bcf0 <unknown>\n#5 0x5556d6a4a08d <unknown>\n#6 0x5556d6ae546b <unknown>\n#7 0x5556d6ae47f0 <unknown>\n#8 0x5556d6a8d8b2 <unknown>\n#9 0x5556d6a8e6a1 <unknown>\n#10 0x5556d6ff38a9 <unknown>\n#11 0x5556d6ff67b1 <unknown>\n#12 0x5556d6fdfea9 <unknown>\n#13 0x5556d6ff736e <unknown>\n#14 0x5556d6fc6410 <unknown>\n#15 0x5556d701b0c8 <unknown>\n#16 0x5556d701b29b <unknown>\n#17 0x5556d702cdb8 <unknown>\n#18 0x7f487709caa4 <unknown>\n#19 0x7f4877129c6c <unknown>","statusTrace":"self = <tests.login_test.TestLogin object at 0x7f9c26449900>\ndriver = <selenium.webdriver.chrome.webdriver.WebDriver (session=\"c564f5f2fc7577260264f79d312104c0\")>\n\n    @allure.severity(allure.severity_level.CRITICAL)\n    @allure.title(\"Successful Login with Valid Credentials\")\n    def test_valid_login(self, driver):\n        login_page = LoginPage(driver)\n>       login_page.open()\n\ntests/login_test.py:19: \n_ _ _ _ _ _ _ _ _ _ _ _ _ _ _ _ _ _ _ _ _ _ _ _ _ _ _ _ _ _ _ _ _ _ _ _ _ _ _ _ \npages/login_page.py:30: in open\n    self.driver.get(self.url)\n/opt/hostedtoolcache/Python/3.10.19/x64/lib/python3.10/site-packages/selenium/webdriver/remote/webdriver.py:452: in get\n    self.execute(Command.GET, {\"url\": url})\n/opt/hostedtoolcache/Python/3.10.19/x64/lib/python3.10/site-packages/selenium/webdriver/remote/webdriver.py:432: in execute\n    self.error_handler.check_response(response)\n_ _ _ _ _ _ _ _ _ _ _ _ _ _ _ _ _ _ _ _ _ _ _ _ _ _ _ _ _ _ _ _ _ _ _ _ _ _ _ _ \n\nself = <selenium.webdriver.remote.errorhandler.ErrorHandler object at 0x7f9c26421c90>\nresponse = {'status': 400, 'value': '{\"value\":{\"error\":\"invalid argument\",\"message\":\"invalid argument\\\\n  (Session info: chrome=1...\\\\n#17 0x5556d702cdb8 \\\\u003Cunknown>\\\\n#18 0x7f487709caa4 \\\\u003Cunknown>\\\\n#19 0x7f4877129c6c \\\\u003Cunknown>\\\\n\"}}'}\n\n    def check_response(self, response: dict[str, Any]) -> None:\n        \"\"\"Check that a JSON response from the WebDriver does not have an error.\n    \n        Args:\n            response: The JSON response from the WebDriver server as a dictionary\n                object.\n    \n        Raises:\n            WebDriverException: If the response contains an error message.\n        \"\"\"\n        status = response.get(\"status\", None)\n        if not status or status == ErrorCode.SUCCESS:\n            return\n        value = None\n        message = response.get(\"message\", \"\")\n        screen: str = response.get(\"screen\", \"\")\n        stacktrace = None\n        if isinstance(status, int):\n            value_json = response.get(\"value\", None)\n            if value_json and isinstance(value_json, str):\n                try:\n                    value = json.loads(value_json)\n                    if isinstance(value, dict):\n                        if len(value) == 1:\n                            value = value[\"value\"]\n                        status = value.get(\"error\", None)\n                        if not status:\n                            status = value.get(\"status\", ErrorCode.UNKNOWN_ERROR)\n                            message = value.get(\"value\") or value.get(\"message\")\n                            if not isinstance(message, str):\n                                value = message\n                                message = message.get(\"message\") if isinstance(message, dict) else None\n                        else:\n                            message = value.get(\"message\", None)\n                except ValueError:\n                    pass\n    \n        exception_class: type[WebDriverException]\n        e = ErrorCode()\n        error_codes = [item for item in dir(e) if not item.startswith(\"__\")]\n        for error_code in error_codes:\n            error_info = getattr(ErrorCode, error_code)\n            if isinstance(error_info, list) and status in error_info:\n                exception_class = getattr(ExceptionMapping, error_code, WebDriverException)\n                break\n        else:\n            exception_class = WebDriverException\n    \n        if not value:\n            value = response[\"value\"]\n        if isinstance(value, str):\n            raise exception_class(value)\n        if message == \"\" and \"message\" in value:\n            message = value[\"message\"]\n    \n        screen = None  # type: ignore[assignment]\n        if \"screen\" in value:\n            screen = value[\"screen\"]\n    \n        stacktrace = None\n        st_value = value.get(\"stackTrace\") or value.get(\"stacktrace\")\n        if st_value:\n            if isinstance(st_value, str):\n                stacktrace = st_value.split(\"\\n\")\n            else:\n                stacktrace = []\n                try:\n                    for frame in st_value:\n                        line = frame.get(\"lineNumber\", \"\")\n                        file = frame.get(\"fileName\", \"<anonymous>\")\n                        if line:\n                            file = f\"{file}:{line}\"\n                        meth = frame.get(\"methodName\", \"<anonymous>\")\n                        if \"className\" in frame:\n                            meth = f\"{frame['className']}.{meth}\"\n                        msg = \"    at %s (%s)\"\n                        msg = msg % (meth, file)\n                        stacktrace.append(msg)\n                except TypeError:\n                    pass\n        if exception_class == UnexpectedAlertPresentException:\n            alert_text = None\n            if \"data\" in value:\n                alert_text = value[\"data\"].get(\"text\")\n            elif \"alert\" in value:\n                alert_text = value[\"alert\"].get(\"text\")\n            raise exception_class(message, screen, stacktrace, alert_text)  # type: ignore[call-arg]  # mypy is not smart enough here\n>       raise exception_class(message, screen, stacktrace)\nE       selenium.common.exceptions.InvalidArgumentException: Message: invalid argument\nE         (Session info: chrome=144.0.7559.96)\nE       Stacktrace:\nE       #0 0x5556d702da4a <unknown>\nE       #1 0x5556d6a46390 <unknown>\nE       #2 0x5556d6a2d477 <unknown>\nE       #3 0x5556d6a2b676 <unknown>\nE       #4 0x5556d6a2bcf0 <unknown>\nE       #5 0x5556d6a4a08d <unknown>\nE       #6 0x5556d6ae546b <unknown>\nE       #7 0x5556d6ae47f0 <unknown>\nE       #8 0x5556d6a8d8b2 <unknown>\nE       #9 0x5556d6a8e6a1 <unknown>\nE       #10 0x5556d6ff38a9 <unknown>\nE       #11 0x5556d6ff67b1 <unknown>\nE       #12 0x5556d6fdfea9 <unknown>\nE       #13 0x5556d6ff736e <unknown>\nE       #14 0x5556d6fc6410 <unknown>\nE       #15 0x5556d701b0c8 <unknown>\nE       #16 0x5556d701b29b <unknown>\nE       #17 0x5556d702cdb8 <unknown>\nE       #18 0x7f487709caa4 <unknown>\nE       #19 0x7f4877129c6c <unknown>\n\n/opt/hostedtoolcache/Python/3.10.19/x64/lib/python3.10/site-packages/selenium/webdriver/remote/errorhandler.py:232: InvalidArgumentException","flaky":false,"newFailed":false,"newBroken":false,"newPassed":false,"retriesCount":5,"retriesStatusChange":true,"beforeStages":[{"name":"driver","time":{"start":1770319791198,"stop":1770319796391,"duration":5193},"status":"passed","steps":[],"attachments":[],"parameters":[],"stepsCount":0,"shouldDisplayMessage":false,"attachmentsCount":0,"hasContent":false,"attachmentStep":false}],"testStage":{"status":"broken","statusMessage":"selenium.common.exceptions.InvalidArgumentException: Message: invalid argument\n  (Session info: chrome=144.0.7559.96)\nStacktrace:\n#0 0x5556d702da4a <unknown>\n#1 0x5556d6a46390 <unknown>\n#2 0x5556d6a2d477 <unknown>\n#3 0x5556d6a2b676 <unknown>\n#4 0x5556d6a2bcf0 <unknown>\n#5 0x5556d6a4a08d <unknown>\n#6 0x5556d6ae546b <unknown>\n#7 0x5556d6ae47f0 <unknown>\n#8 0x5556d6a8d8b2 <unknown>\n#9 0x5556d6a8e6a1 <unknown>\n#10 0x5556d6ff38a9 <unknown>\n#11 0x5556d6ff67b1 <unknown>\n#12 0x5556d6fdfea9 <unknown>\n#13 0x5556d6ff736e <unknown>\n#14 0x5556d6fc6410 <unknown>\n#15 0x5556d701b0c8 <unknown>\n#16 0x5556d701b29b <unknown>\n#17 0x5556d702cdb8 <unknown>\n#18 0x7f487709caa4 <unknown>\n#19 0x7f4877129c6c <unknown>","statusTrace":"self = <tests.login_test.TestLogin object at 0x7f9c26449900>\ndriver = <selenium.webdriver.chrome.webdriver.WebDriver (session=\"c564f5f2fc7577260264f79d312104c0\")>\n\n    @allure.severity(allure.severity_level.CRITICAL)\n    @allure.title(\"Successful Login with Valid Credentials\")\n    def test_valid_login(self, driver):\n        login_page = LoginPage(driver)\n>       login_page.open()\n\ntests/login_test.py:19: \n_ _ _ _ _ _ _ _ _ _ _ _ _ _ _ _ _ _ _ _ _ _ _ _ _ _ _ _ _ _ _ _ _ _ _ _ _ _ _ _ \npages/login_page.py:30: in open\n    self.driver.get(self.url)\n/opt/hostedtoolcache/Python/3.10.19/x64/lib/python3.10/site-packages/selenium/webdriver/remote/webdriver.py:452: in get\n    self.execute(Command.GET, {\"url\": url})\n/opt/hostedtoolcache/Python/3.10.19/x64/lib/python3.10/site-packages/selenium/webdriver/remote/webdriver.py:432: in execute\n    self.error_handler.check_response(response)\n_ _ _ _ _ _ _ _ _ _ _ _ _ _ _ _ _ _ _ _ _ _ _ _ _ _ _ _ _ _ _ _ _ _ _ _ _ _ _ _ \n\nself = <selenium.webdriver.remote.errorhandler.ErrorHandler object at 0x7f9c26421c90>\nresponse = {'status': 400, 'value': '{\"value\":{\"error\":\"invalid argument\",\"message\":\"invalid argument\\\\n  (Session info: chrome=1...\\\\n#17 0x5556d702cdb8 \\\\u003Cunknown>\\\\n#18 0x7f487709caa4 \\\\u003Cunknown>\\\\n#19 0x7f4877129c6c \\\\u003Cunknown>\\\\n\"}}'}\n\n    def check_response(self, response: dict[str, Any]) -> None:\n        \"\"\"Check that a JSON response from the WebDriver does not have an error.\n    \n        Args:\n            response: The JSON response from the WebDriver server as a dictionary\n                object.\n    \n        Raises:\n            WebDriverException: If the response contains an error message.\n        \"\"\"\n        status = response.get(\"status\", None)\n        if not status or status == ErrorCode.SUCCESS:\n            return\n        value = None\n        message = response.get(\"message\", \"\")\n        screen: str = response.get(\"screen\", \"\")\n        stacktrace = None\n        if isinstance(status, int):\n            value_json = response.get(\"value\", None)\n            if value_json and isinstance(value_json, str):\n                try:\n                    value = json.loads(value_json)\n                    if isinstance(value, dict):\n                        if len(value) == 1:\n                            value = value[\"value\"]\n                        status = value.get(\"error\", None)\n                        if not status:\n                            status = value.get(\"status\", ErrorCode.UNKNOWN_ERROR)\n                            message = value.get(\"value\") or value.get(\"message\")\n                            if not isinstance(message, str):\n                                value = message\n                                message = message.get(\"message\") if isinstance(message, dict) else None\n                        else:\n                            message = value.get(\"message\", None)\n                except ValueError:\n                    pass\n    \n        exception_class: type[WebDriverException]\n        e = ErrorCode()\n        error_codes = [item for item in dir(e) if not item.startswith(\"__\")]\n        for error_code in error_codes:\n            error_info = getattr(ErrorCode, error_code)\n            if isinstance(error_info, list) and status in error_info:\n                exception_class = getattr(ExceptionMapping, error_code, WebDriverException)\n                break\n        else:\n            exception_class = WebDriverException\n    \n        if not value:\n            value = response[\"value\"]\n        if isinstance(value, str):\n            raise exception_class(value)\n        if message == \"\" and \"message\" in value:\n            message = value[\"message\"]\n    \n        screen = None  # type: ignore[assignment]\n        if \"screen\" in value:\n            screen = value[\"screen\"]\n    \n        stacktrace = None\n        st_value = value.get(\"stackTrace\") or value.get(\"stacktrace\")\n        if st_value:\n            if isinstance(st_value, str):\n                stacktrace = st_value.split(\"\\n\")\n            else:\n                stacktrace = []\n                try:\n                    for frame in st_value:\n                        line = frame.get(\"lineNumber\", \"\")\n                        file = frame.get(\"fileName\", \"<anonymous>\")\n                        if line:\n                            file = f\"{file}:{line}\"\n                        meth = frame.get(\"methodName\", \"<anonymous>\")\n                        if \"className\" in frame:\n                            meth = f\"{frame['className']}.{meth}\"\n                        msg = \"    at %s (%s)\"\n                        msg = msg % (meth, file)\n                        stacktrace.append(msg)\n                except TypeError:\n                    pass\n        if exception_class == UnexpectedAlertPresentException:\n            alert_text = None\n            if \"data\" in value:\n                alert_text = value[\"data\"].get(\"text\")\n            elif \"alert\" in value:\n                alert_text = value[\"alert\"].get(\"text\")\n            raise exception_class(message, screen, stacktrace, alert_text)  # type: ignore[call-arg]  # mypy is not smart enough here\n>       raise exception_class(message, screen, stacktrace)\nE       selenium.common.exceptions.InvalidArgumentException: Message: invalid argument\nE         (Session info: chrome=144.0.7559.96)\nE       Stacktrace:\nE       #0 0x5556d702da4a <unknown>\nE       #1 0x5556d6a46390 <unknown>\nE       #2 0x5556d6a2d477 <unknown>\nE       #3 0x5556d6a2b676 <unknown>\nE       #4 0x5556d6a2bcf0 <unknown>\nE       #5 0x5556d6a4a08d <unknown>\nE       #6 0x5556d6ae546b <unknown>\nE       #7 0x5556d6ae47f0 <unknown>\nE       #8 0x5556d6a8d8b2 <unknown>\nE       #9 0x5556d6a8e6a1 <unknown>\nE       #10 0x5556d6ff38a9 <unknown>\nE       #11 0x5556d6ff67b1 <unknown>\nE       #12 0x5556d6fdfea9 <unknown>\nE       #13 0x5556d6ff736e <unknown>\nE       #14 0x5556d6fc6410 <unknown>\nE       #15 0x5556d701b0c8 <unknown>\nE       #16 0x5556d701b29b <unknown>\nE       #17 0x5556d702cdb8 <unknown>\nE       #18 0x7f487709caa4 <unknown>\nE       #19 0x7f4877129c6c <unknown>\n\n/opt/hostedtoolcache/Python/3.10.19/x64/lib/python3.10/site-packages/selenium/webdriver/remote/errorhandler.py:232: InvalidArgumentException","steps":[{"name":"Navigate to Login Page","time":{"start":1770319796392,"stop":1770319796396,"duration":4},"status":"broken","statusMessage":"selenium.common.exceptions.InvalidArgumentException: Message: invalid argument\n  (Session info: chrome=144.0.7559.96)\nStacktrace:\n#0 0x5556d702da4a <unknown>\n#1 0x5556d6a46390 <unknown>\n#2 0x5556d6a2d477 <unknown>\n#3 0x5556d6a2b676 <unknown>\n#4 0x5556d6a2bcf0 <unknown>\n#5 0x5556d6a4a08d <unknown>\n#6 0x5556d6ae546b <unknown>\n#7 0x5556d6ae47f0 <unknown>\n#8 0x5556d6a8d8b2 <unknown>\n#9 0x5556d6a8e6a1 <unknown>\n#10 0x5556d6ff38a9 <unknown>\n#11 0x5556d6ff67b1 <unknown>\n#12 0x5556d6fdfea9 <unknown>\n#13 0x5556d6ff736e <unknown>\n#14 0x5556d6fc6410 <unknown>\n#15 0x5556d701b0c8 <unknown>\n#16 0x5556d701b29b <unknown>\n#17 0x5556d702cdb8 <unknown>\n#18 0x7f487709caa4 <unknown>\n#19 0x7f4877129c6c <unknown>\n\n","statusTrace":"  File \"/opt/hostedtoolcache/Python/3.10.19/x64/lib/python3.10/site-packages/allure_commons/_allure.py\", line 202, in impl\n    return func(*a, **kw)\n  File \"/home/runner/work/qa-automation-portfolio/qa-automation-portfolio/pages/login_page.py\", line 30, in open\n    self.driver.get(self.url)\n  File \"/opt/hostedtoolcache/Python/3.10.19/x64/lib/python3.10/site-packages/selenium/webdriver/remote/webdriver.py\", line 452, in get\n    self.execute(Command.GET, {\"url\": url})\n  File \"/opt/hostedtoolcache/Python/3.10.19/x64/lib/python3.10/site-packages/selenium/webdriver/remote/webdriver.py\", line 432, in execute\n    self.error_handler.check_response(response)\n  File \"/opt/hostedtoolcache/Python/3.10.19/x64/lib/python3.10/site-packages/selenium/webdriver/remote/errorhandler.py\", line 232, in check_response\n    raise exception_class(message, screen, stacktrace)\n","steps":[],"attachments":[],"parameters":[],"stepsCount":0,"shouldDisplayMessage":true,"attachmentsCount":0,"hasContent":true,"attachmentStep":false}],"attachments":[],"parameters":[],"stepsCount":1,"shouldDisplayMessage":true,"attachmentsCount":0,"hasContent":true,"attachmentStep":false},"afterStages":[{"name":"driver::0","time":{"start":1770319796453,"stop":1770319796509,"duration":56},"status":"passed","steps":[],"attachments":[],"parameters":[],"stepsCount":0,"shouldDisplayMessage":false,"attachmentsCount":0,"hasContent":false,"attachmentStep":false}],"labels":[{"name":"story","value":"Login"},{"name":"feature","value":"Authentication"},{"name":"severity","value":"critical"},{"name":"parentSuite","value":"tests"},{"name":"suite","value":"login_test"},{"name":"subSuite","value":"TestLogin"},{"name":"host","value":"runnervmkj6or"},{"name":"thread","value":"2608-MainThread"},{"name":"framework","value":"pytest"},{"name":"language","value":"cpython3"},{"name":"package","value":"tests.login_test"},{"name":"resultFormat","value":"allure2"}],"parameters":[],"links":[],"hidden":false,"retry":false,"extra":{"severity":"critical","retries":[{"uid":"12a3633abe701ff5","status":"passed","time":{"start":1770319500898,"stop":1770319503708,"duration":2810}},{"uid":"696d50a888645f06","status":"passed","time":{"start":1770319401829,"stop":1770319414456,"duration":12627}},{"uid":"74de0c85bd35504e","status":"broken","statusDetails":"selenium.common.exceptions.NoSuchWindowException: Message: no such window: target window already closed\nfrom unknown error: web view not found\n  (Session info: chrome=142.0.7444.176)\nStacktrace:\n0   chromedriver                        0x000000010517eecc cxxbridge1$str$ptr + 2941512\n1   chromedriver                        0x0000000105176b88 cxxbridge1$str$ptr + 2907908\n2   chromedriver                        0x0000000104c8e2b0 _RNvCsgXDX2mvAJAg_7___rustc35___rust_no_alloc_shim_is_unstable_v2 + 74020\n3   chromedriver                        0x0000000104c67d08 chromedriver + 146696\n4   chromedriver                        0x0000000104cfdc1c _RNvCsgXDX2mvAJAg_7___rustc35___rust_no_alloc_shim_is_unstable_v2 + 531088\n5   chromedriver                        0x0000000104d168b4 _RNvCsgXDX2mvAJAg_7___rustc35___rust_no_alloc_shim_is_unstable_v2 + 632616\n6   chromedriver                        0x0000000104cc9ef0 _RNvCsgXDX2mvAJAg_7___rustc35___rust_no_alloc_shim_is_unstable_v2 + 318820\n7   chromedriver                        0x00000001051420c8 cxxbridge1$str$ptr + 2692164\n8   chromedriver                        0x00000001051458dc cxxbridge1$str$ptr + 2706520\n9   chromedriver                        0x000000010512284c cxxbridge1$str$ptr + 2563016\n10  chromedriver                        0x00000001051461b4 cxxbridge1$str$ptr + 2708784\n11  chromedriver                        0x00000001051140f4 cxxbridge1$str$ptr + 2503792\n12  chromedriver                        0x0000000105165498 cxxbridge1$str$ptr + 2836500\n13  chromedriver                        0x000000010516561c cxxbridge1$str$ptr + 2836888\n14  chromedriver                        0x00000001051767d8 cxxbridge1$str$ptr + 2906964\n15  libsystem_pthread.dylib             0x0000000196721c08 _pthread_start + 136\n16  libsystem_pthread.dylib             0x000000019671cba8 thread_start + 8","time":{"start":1770319367799,"stop":1770319377850,"duration":10051}},{"uid":"db8f7d9ad9d59381","status":"passed","time":{"start":1770244025112,"stop":1770244028415,"duration":3303}},{"uid":"607c4d7d5d4a7353","status":"broken","statusDetails":"selenium.common.exceptions.WebDriverException: Message: unknown error: net::ERR_CONNECTION_REFUSED\n  (Session info: chrome=142.0.7444.176)\nStacktrace:\n0   chromedriver                        0x0000000104adaecc cxxbridge1$str$ptr + 2941512\n1   chromedriver                        0x0000000104ad2b88 cxxbridge1$str$ptr + 2907908\n2   chromedriver                        0x00000001045ea2b0 _RNvCsgXDX2mvAJAg_7___rustc35___rust_no_alloc_shim_is_unstable_v2 + 74020\n3   chromedriver                        0x00000001045e247c _RNvCsgXDX2mvAJAg_7___rustc35___rust_no_alloc_shim_is_unstable_v2 + 41712\n4   chromedriver                        0x00000001045d5090 cxxbridge1$string$len + 4700\n5   chromedriver                        0x00000001045d6b18 cxxbridge1$string$len + 11492\n6   chromedriver                        0x00000001045d54dc cxxbridge1$string$len + 5800\n7   chromedriver                        0x00000001045d4df8 cxxbridge1$string$len + 4036\n8   chromedriver                        0x00000001045d4b84 cxxbridge1$string$len + 3408\n9   chromedriver                        0x00000001045d295c chromedriver + 207196\n10  chromedriver                        0x00000001045d33ec chromedriver + 209900\n11  chromedriver                        0x00000001045ed454 _RNvCsgXDX2mvAJAg_7___rustc35___rust_no_alloc_shim_is_unstable_v2 + 86728\n12  chromedriver                        0x0000000104673814 _RNvCsgXDX2mvAJAg_7___rustc35___rust_no_alloc_shim_is_unstable_v2 + 636552\n13  chromedriver                        0x0000000104672d54 _RNvCsgXDX2mvAJAg_7___rustc35___rust_no_alloc_shim_is_unstable_v2 + 633800\n14  chromedriver                        0x0000000104625ef0 _RNvCsgXDX2mvAJAg_7___rustc35___rust_no_alloc_shim_is_unstable_v2 + 318820\n15  chromedriver                        0x0000000104a9e0c8 cxxbridge1$str$ptr + 2692164\n16  chromedriver                        0x0000000104aa18dc cxxbridge1$str$ptr + 2706520\n17  chromedriver                        0x0000000104a7e84c cxxbridge1$str$ptr + 2563016\n18  chromedriver                        0x0000000104aa21b4 cxxbridge1$str$ptr + 2708784\n19  chromedriver                        0x0000000104a700f4 cxxbridge1$str$ptr + 2503792\n20  chromedriver                        0x0000000104ac1498 cxxbridge1$str$ptr + 2836500\n21  chromedriver                        0x0000000104ac161c cxxbridge1$str$ptr + 2836888\n22  chromedriver                        0x0000000104ad27d8 cxxbridge1$str$ptr + 2906964\n23  libsystem_pthread.dylib             0x0000000196721c08 _pthread_start + 136\n24  libsystem_pthread.dylib             0x000000019671cba8 thread_start + 8","time":{"start":1770244014660,"stop":1770244014780,"duration":120}}],"categories":[{"name":"Test defects","matchedStatuses":[],"flaky":false}],"tags":[]},"source":"187b493ff56bd569.json","parameterValues":[]}