{"uid":"3bc7ee7a24ce0634","name":"Fail Login with Invalid Email Format","fullName":"tests.login_test.TestLogin#test_invalid_email_format","historyId":"488344348478679f5f942c6688ff239b","time":{"start":1770319796810,"stop":1770319796817,"duration":7},"status":"broken","statusMessage":"selenium.common.exceptions.InvalidArgumentException: Message: invalid argument\n  (Session info: chrome=144.0.7559.96)\nStacktrace:\n#0 0x5582b07f0a4a <unknown>\n#1 0x5582b0209390 <unknown>\n#2 0x5582b01f0477 <unknown>\n#3 0x5582b01ee676 <unknown>\n#4 0x5582b01eecf0 <unknown>\n#5 0x5582b020d08d <unknown>\n#6 0x5582b02a846b <unknown>\n#7 0x5582b02a77f0 <unknown>\n#8 0x5582b02508b2 <unknown>\n#9 0x5582b02516a1 <unknown>\n#10 0x5582b07b68a9 <unknown>\n#11 0x5582b07b97b1 <unknown>\n#12 0x5582b07a2ea9 <unknown>\n#13 0x5582b07ba36e <unknown>\n#14 0x5582b0789410 <unknown>\n#15 0x5582b07de0c8 <unknown>\n#16 0x5582b07de29b <unknown>\n#17 0x5582b07efdb8 <unknown>\n#18 0x7fb3fe09caa4 <unknown>\n#19 0x7fb3fe129c6c <unknown>","statusTrace":"self = <tests.login_test.TestLogin object at 0x7f9c2644a410>\ndriver = <selenium.webdriver.chrome.webdriver.WebDriver (session=\"b2fb8618c8bbd75121343d5f1b285f74\")>\n\n    @allure.severity(allure.severity_level.NORMAL)\n    @allure.title(\"Fail Login with Invalid Email Format\")\n    def test_invalid_email_format(self, driver):\n        login_page = LoginPage(driver)\n>       login_page.open()\n\ntests/login_test.py:46: \n_ _ _ _ _ _ _ _ _ _ _ _ _ _ _ _ _ _ _ _ _ _ _ _ _ _ _ _ _ _ _ _ _ _ _ _ _ _ _ _ \npages/login_page.py:30: in open\n    self.driver.get(self.url)\n/opt/hostedtoolcache/Python/3.10.19/x64/lib/python3.10/site-packages/selenium/webdriver/remote/webdriver.py:452: in get\n    self.execute(Command.GET, {\"url\": url})\n/opt/hostedtoolcache/Python/3.10.19/x64/lib/python3.10/site-packages/selenium/webdriver/remote/webdriver.py:432: in execute\n    self.error_handler.check_response(response)\n_ _ _ _ _ _ _ _ _ _ _ _ _ _ _ _ _ _ _ _ _ _ _ _ _ _ _ _ _ _ _ _ _ _ _ _ _ _ _ _ \n\nself = <selenium.webdriver.remote.errorhandler.ErrorHandler object at 0x7f9c24d20430>\nresponse = {'status': 400, 'value': '{\"value\":{\"error\":\"invalid argument\",\"message\":\"invalid argument\\\\n  (Session info: chrome=1...\\\\n#17 0x5582b07efdb8 \\\\u003Cunknown>\\\\n#18 0x7fb3fe09caa4 \\\\u003Cunknown>\\\\n#19 0x7fb3fe129c6c \\\\u003Cunknown>\\\\n\"}}'}\n\n    def check_response(self, response: dict[str, Any]) -> None:\n        \"\"\"Check that a JSON response from the WebDriver does not have an error.\n    \n        Args:\n            response: The JSON response from the WebDriver server as a dictionary\n                object.\n    \n        Raises:\n            WebDriverException: If the response contains an error message.\n        \"\"\"\n        status = response.get(\"status\", None)\n        if not status or status == ErrorCode.SUCCESS:\n            return\n        value = None\n        message = response.get(\"message\", \"\")\n        screen: str = response.get(\"screen\", \"\")\n        stacktrace = None\n        if isinstance(status, int):\n            value_json = response.get(\"value\", None)\n            if value_json and isinstance(value_json, str):\n                try:\n                    value = json.loads(value_json)\n                    if isinstance(value, dict):\n                        if len(value) == 1:\n                            value = value[\"value\"]\n                        status = value.get(\"error\", None)\n                        if not status:\n                            status = value.get(\"status\", ErrorCode.UNKNOWN_ERROR)\n                            message = value.get(\"value\") or value.get(\"message\")\n                            if not isinstance(message, str):\n                                value = message\n                                message = message.get(\"message\") if isinstance(message, dict) else None\n                        else:\n                            message = value.get(\"message\", None)\n                except ValueError:\n                    pass\n    \n        exception_class: type[WebDriverException]\n        e = ErrorCode()\n        error_codes = [item for item in dir(e) if not item.startswith(\"__\")]\n        for error_code in error_codes:\n            error_info = getattr(ErrorCode, error_code)\n            if isinstance(error_info, list) and status in error_info:\n                exception_class = getattr(ExceptionMapping, error_code, WebDriverException)\n                break\n        else:\n            exception_class = WebDriverException\n    \n        if not value:\n            value = response[\"value\"]\n        if isinstance(value, str):\n            raise exception_class(value)\n        if message == \"\" and \"message\" in value:\n            message = value[\"message\"]\n    \n        screen = None  # type: ignore[assignment]\n        if \"screen\" in value:\n            screen = value[\"screen\"]\n    \n        stacktrace = None\n        st_value = value.get(\"stackTrace\") or value.get(\"stacktrace\")\n        if st_value:\n            if isinstance(st_value, str):\n                stacktrace = st_value.split(\"\\n\")\n            else:\n                stacktrace = []\n                try:\n                    for frame in st_value:\n                        line = frame.get(\"lineNumber\", \"\")\n                        file = frame.get(\"fileName\", \"<anonymous>\")\n                        if line:\n                            file = f\"{file}:{line}\"\n                        meth = frame.get(\"methodName\", \"<anonymous>\")\n                        if \"className\" in frame:\n                            meth = f\"{frame['className']}.{meth}\"\n                        msg = \"    at %s (%s)\"\n                        msg = msg % (meth, file)\n                        stacktrace.append(msg)\n                except TypeError:\n                    pass\n        if exception_class == UnexpectedAlertPresentException:\n            alert_text = None\n            if \"data\" in value:\n                alert_text = value[\"data\"].get(\"text\")\n            elif \"alert\" in value:\n                alert_text = value[\"alert\"].get(\"text\")\n            raise exception_class(message, screen, stacktrace, alert_text)  # type: ignore[call-arg]  # mypy is not smart enough here\n>       raise exception_class(message, screen, stacktrace)\nE       selenium.common.exceptions.InvalidArgumentException: Message: invalid argument\nE         (Session info: chrome=144.0.7559.96)\nE       Stacktrace:\nE       #0 0x5582b07f0a4a <unknown>\nE       #1 0x5582b0209390 <unknown>\nE       #2 0x5582b01f0477 <unknown>\nE       #3 0x5582b01ee676 <unknown>\nE       #4 0x5582b01eecf0 <unknown>\nE       #5 0x5582b020d08d <unknown>\nE       #6 0x5582b02a846b <unknown>\nE       #7 0x5582b02a77f0 <unknown>\nE       #8 0x5582b02508b2 <unknown>\nE       #9 0x5582b02516a1 <unknown>\nE       #10 0x5582b07b68a9 <unknown>\nE       #11 0x5582b07b97b1 <unknown>\nE       #12 0x5582b07a2ea9 <unknown>\nE       #13 0x5582b07ba36e <unknown>\nE       #14 0x5582b0789410 <unknown>\nE       #15 0x5582b07de0c8 <unknown>\nE       #16 0x5582b07de29b <unknown>\nE       #17 0x5582b07efdb8 <unknown>\nE       #18 0x7fb3fe09caa4 <unknown>\nE       #19 0x7fb3fe129c6c <unknown>\n\n/opt/hostedtoolcache/Python/3.10.19/x64/lib/python3.10/site-packages/selenium/webdriver/remote/errorhandler.py:232: InvalidArgumentException","flaky":false,"newFailed":false,"newBroken":false,"newPassed":false,"retriesCount":5,"retriesStatusChange":true,"beforeStages":[{"name":"driver","time":{"start":1770319796511,"stop":1770319796810,"duration":299},"status":"passed","steps":[],"attachments":[],"parameters":[],"stepsCount":0,"shouldDisplayMessage":false,"attachmentsCount":0,"hasContent":false,"attachmentStep":false}],"testStage":{"status":"broken","statusMessage":"selenium.common.exceptions.InvalidArgumentException: Message: invalid argument\n  (Session info: chrome=144.0.7559.96)\nStacktrace:\n#0 0x5582b07f0a4a <unknown>\n#1 0x5582b0209390 <unknown>\n#2 0x5582b01f0477 <unknown>\n#3 0x5582b01ee676 <unknown>\n#4 0x5582b01eecf0 <unknown>\n#5 0x5582b020d08d <unknown>\n#6 0x5582b02a846b <unknown>\n#7 0x5582b02a77f0 <unknown>\n#8 0x5582b02508b2 <unknown>\n#9 0x5582b02516a1 <unknown>\n#10 0x5582b07b68a9 <unknown>\n#11 0x5582b07b97b1 <unknown>\n#12 0x5582b07a2ea9 <unknown>\n#13 0x5582b07ba36e <unknown>\n#14 0x5582b0789410 <unknown>\n#15 0x5582b07de0c8 <unknown>\n#16 0x5582b07de29b <unknown>\n#17 0x5582b07efdb8 <unknown>\n#18 0x7fb3fe09caa4 <unknown>\n#19 0x7fb3fe129c6c <unknown>","statusTrace":"self = <tests.login_test.TestLogin object at 0x7f9c2644a410>\ndriver = <selenium.webdriver.chrome.webdriver.WebDriver (session=\"b2fb8618c8bbd75121343d5f1b285f74\")>\n\n    @allure.severity(allure.severity_level.NORMAL)\n    @allure.title(\"Fail Login with Invalid Email Format\")\n    def test_invalid_email_format(self, driver):\n        login_page = LoginPage(driver)\n>       login_page.open()\n\ntests/login_test.py:46: \n_ _ _ _ _ _ _ _ _ _ _ _ _ _ _ _ _ _ _ _ _ _ _ _ _ _ _ _ _ _ _ _ _ _ _ _ _ _ _ _ \npages/login_page.py:30: in open\n    self.driver.get(self.url)\n/opt/hostedtoolcache/Python/3.10.19/x64/lib/python3.10/site-packages/selenium/webdriver/remote/webdriver.py:452: in get\n    self.execute(Command.GET, {\"url\": url})\n/opt/hostedtoolcache/Python/3.10.19/x64/lib/python3.10/site-packages/selenium/webdriver/remote/webdriver.py:432: in execute\n    self.error_handler.check_response(response)\n_ _ _ _ _ _ _ _ _ _ _ _ _ _ _ _ _ _ _ _ _ _ _ _ _ _ _ _ _ _ _ _ _ _ _ _ _ _ _ _ \n\nself = <selenium.webdriver.remote.errorhandler.ErrorHandler object at 0x7f9c24d20430>\nresponse = {'status': 400, 'value': '{\"value\":{\"error\":\"invalid argument\",\"message\":\"invalid argument\\\\n  (Session info: chrome=1...\\\\n#17 0x5582b07efdb8 \\\\u003Cunknown>\\\\n#18 0x7fb3fe09caa4 \\\\u003Cunknown>\\\\n#19 0x7fb3fe129c6c \\\\u003Cunknown>\\\\n\"}}'}\n\n    def check_response(self, response: dict[str, Any]) -> None:\n        \"\"\"Check that a JSON response from the WebDriver does not have an error.\n    \n        Args:\n            response: The JSON response from the WebDriver server as a dictionary\n                object.\n    \n        Raises:\n            WebDriverException: If the response contains an error message.\n        \"\"\"\n        status = response.get(\"status\", None)\n        if not status or status == ErrorCode.SUCCESS:\n            return\n        value = None\n        message = response.get(\"message\", \"\")\n        screen: str = response.get(\"screen\", \"\")\n        stacktrace = None\n        if isinstance(status, int):\n            value_json = response.get(\"value\", None)\n            if value_json and isinstance(value_json, str):\n                try:\n                    value = json.loads(value_json)\n                    if isinstance(value, dict):\n                        if len(value) == 1:\n                            value = value[\"value\"]\n                        status = value.get(\"error\", None)\n                        if not status:\n                            status = value.get(\"status\", ErrorCode.UNKNOWN_ERROR)\n                            message = value.get(\"value\") or value.get(\"message\")\n                            if not isinstance(message, str):\n                                value = message\n                                message = message.get(\"message\") if isinstance(message, dict) else None\n                        else:\n                            message = value.get(\"message\", None)\n                except ValueError:\n                    pass\n    \n        exception_class: type[WebDriverException]\n        e = ErrorCode()\n        error_codes = [item for item in dir(e) if not item.startswith(\"__\")]\n        for error_code in error_codes:\n            error_info = getattr(ErrorCode, error_code)\n            if isinstance(error_info, list) and status in error_info:\n                exception_class = getattr(ExceptionMapping, error_code, WebDriverException)\n                break\n        else:\n            exception_class = WebDriverException\n    \n        if not value:\n            value = response[\"value\"]\n        if isinstance(value, str):\n            raise exception_class(value)\n        if message == \"\" and \"message\" in value:\n            message = value[\"message\"]\n    \n        screen = None  # type: ignore[assignment]\n        if \"screen\" in value:\n            screen = value[\"screen\"]\n    \n        stacktrace = None\n        st_value = value.get(\"stackTrace\") or value.get(\"stacktrace\")\n        if st_value:\n            if isinstance(st_value, str):\n                stacktrace = st_value.split(\"\\n\")\n            else:\n                stacktrace = []\n                try:\n                    for frame in st_value:\n                        line = frame.get(\"lineNumber\", \"\")\n                        file = frame.get(\"fileName\", \"<anonymous>\")\n                        if line:\n                            file = f\"{file}:{line}\"\n                        meth = frame.get(\"methodName\", \"<anonymous>\")\n                        if \"className\" in frame:\n                            meth = f\"{frame['className']}.{meth}\"\n                        msg = \"    at %s (%s)\"\n                        msg = msg % (meth, file)\n                        stacktrace.append(msg)\n                except TypeError:\n                    pass\n        if exception_class == UnexpectedAlertPresentException:\n            alert_text = None\n            if \"data\" in value:\n                alert_text = value[\"data\"].get(\"text\")\n            elif \"alert\" in value:\n                alert_text = value[\"alert\"].get(\"text\")\n            raise exception_class(message, screen, stacktrace, alert_text)  # type: ignore[call-arg]  # mypy is not smart enough here\n>       raise exception_class(message, screen, stacktrace)\nE       selenium.common.exceptions.InvalidArgumentException: Message: invalid argument\nE         (Session info: chrome=144.0.7559.96)\nE       Stacktrace:\nE       #0 0x5582b07f0a4a <unknown>\nE       #1 0x5582b0209390 <unknown>\nE       #2 0x5582b01f0477 <unknown>\nE       #3 0x5582b01ee676 <unknown>\nE       #4 0x5582b01eecf0 <unknown>\nE       #5 0x5582b020d08d <unknown>\nE       #6 0x5582b02a846b <unknown>\nE       #7 0x5582b02a77f0 <unknown>\nE       #8 0x5582b02508b2 <unknown>\nE       #9 0x5582b02516a1 <unknown>\nE       #10 0x5582b07b68a9 <unknown>\nE       #11 0x5582b07b97b1 <unknown>\nE       #12 0x5582b07a2ea9 <unknown>\nE       #13 0x5582b07ba36e <unknown>\nE       #14 0x5582b0789410 <unknown>\nE       #15 0x5582b07de0c8 <unknown>\nE       #16 0x5582b07de29b <unknown>\nE       #17 0x5582b07efdb8 <unknown>\nE       #18 0x7fb3fe09caa4 <unknown>\nE       #19 0x7fb3fe129c6c <unknown>\n\n/opt/hostedtoolcache/Python/3.10.19/x64/lib/python3.10/site-packages/selenium/webdriver/remote/errorhandler.py:232: InvalidArgumentException","steps":[{"name":"Navigate to Login Page","time":{"start":1770319796811,"stop":1770319796817,"duration":6},"status":"broken","statusMessage":"selenium.common.exceptions.InvalidArgumentException: Message: invalid argument\n  (Session info: chrome=144.0.7559.96)\nStacktrace:\n#0 0x5582b07f0a4a <unknown>\n#1 0x5582b0209390 <unknown>\n#2 0x5582b01f0477 <unknown>\n#3 0x5582b01ee676 <unknown>\n#4 0x5582b01eecf0 <unknown>\n#5 0x5582b020d08d <unknown>\n#6 0x5582b02a846b <unknown>\n#7 0x5582b02a77f0 <unknown>\n#8 0x5582b02508b2 <unknown>\n#9 0x5582b02516a1 <unknown>\n#10 0x5582b07b68a9 <unknown>\n#11 0x5582b07b97b1 <unknown>\n#12 0x5582b07a2ea9 <unknown>\n#13 0x5582b07ba36e <unknown>\n#14 0x5582b0789410 <unknown>\n#15 0x5582b07de0c8 <unknown>\n#16 0x5582b07de29b <unknown>\n#17 0x5582b07efdb8 <unknown>\n#18 0x7fb3fe09caa4 <unknown>\n#19 0x7fb3fe129c6c <unknown>\n\n","statusTrace":"  File \"/opt/hostedtoolcache/Python/3.10.19/x64/lib/python3.10/site-packages/allure_commons/_allure.py\", line 202, in impl\n    return func(*a, **kw)\n  File \"/home/runner/work/qa-automation-portfolio/qa-automation-portfolio/pages/login_page.py\", line 30, in open\n    self.driver.get(self.url)\n  File \"/opt/hostedtoolcache/Python/3.10.19/x64/lib/python3.10/site-packages/selenium/webdriver/remote/webdriver.py\", line 452, in get\n    self.execute(Command.GET, {\"url\": url})\n  File \"/opt/hostedtoolcache/Python/3.10.19/x64/lib/python3.10/site-packages/selenium/webdriver/remote/webdriver.py\", line 432, in execute\n    self.error_handler.check_response(response)\n  File \"/opt/hostedtoolcache/Python/3.10.19/x64/lib/python3.10/site-packages/selenium/webdriver/remote/errorhandler.py\", line 232, in check_response\n    raise exception_class(message, screen, stacktrace)\n","steps":[],"attachments":[],"parameters":[],"stepsCount":0,"shouldDisplayMessage":true,"attachmentsCount":0,"hasContent":true,"attachmentStep":false}],"attachments":[],"parameters":[],"stepsCount":1,"shouldDisplayMessage":true,"attachmentsCount":0,"hasContent":true,"attachmentStep":false},"afterStages":[{"name":"driver::0","time":{"start":1770319796847,"stop":1770319796903,"duration":56},"status":"passed","steps":[],"attachments":[],"parameters":[],"stepsCount":0,"shouldDisplayMessage":false,"attachmentsCount":0,"hasContent":false,"attachmentStep":false}],"labels":[{"name":"story","value":"Login"},{"name":"severity","value":"normal"},{"name":"feature","value":"Authentication"},{"name":"parentSuite","value":"tests"},{"name":"suite","value":"login_test"},{"name":"subSuite","value":"TestLogin"},{"name":"host","value":"runnervmkj6or"},{"name":"thread","value":"2608-MainThread"},{"name":"framework","value":"pytest"},{"name":"language","value":"cpython3"},{"name":"package","value":"tests.login_test"},{"name":"resultFormat","value":"allure2"}],"parameters":[],"links":[],"hidden":false,"retry":false,"extra":{"severity":"normal","retries":[{"uid":"1541fa758fd523ca","status":"passed","time":{"start":1770319505087,"stop":1770319507356,"duration":2269}},{"uid":"ff15ced3dd1224ac","status":"passed","time":{"start":1770319415952,"stop":1770319418439,"duration":2487}},{"uid":"f3f8b06b0a6e7999","status":"passed","time":{"start":1770319379282,"stop":1770319381700,"duration":2418}},{"uid":"ae6a5ca9a9bda513","status":"passed","time":{"start":1770244029397,"stop":1770244029869,"duration":472}},{"uid":"9bf31250b90545c9","status":"broken","statusDetails":"selenium.common.exceptions.WebDriverException: Message: unknown error: net::ERR_CONNECTION_REFUSED\n  (Session info: chrome=142.0.7444.176)\nStacktrace:\n0   chromedriver                        0x00000001048e2ecc cxxbridge1$str$ptr + 2941512\n1   chromedriver                        0x00000001048dab88 cxxbridge1$str$ptr + 2907908\n2   chromedriver                        0x00000001043f22b0 _RNvCsgXDX2mvAJAg_7___rustc35___rust_no_alloc_shim_is_unstable_v2 + 74020\n3   chromedriver                        0x00000001043ea47c _RNvCsgXDX2mvAJAg_7___rustc35___rust_no_alloc_shim_is_unstable_v2 + 41712\n4   chromedriver                        0x00000001043dd090 cxxbridge1$string$len + 4700\n5   chromedriver                        0x00000001043deb18 cxxbridge1$string$len + 11492\n6   chromedriver                        0x00000001043dd4dc cxxbridge1$string$len + 5800\n7   chromedriver                        0x00000001043dcdf8 cxxbridge1$string$len + 4036\n8   chromedriver                        0x00000001043dcb84 cxxbridge1$string$len + 3408\n9   chromedriver                        0x00000001043da95c chromedriver + 207196\n10  chromedriver                        0x00000001043db3ec chromedriver + 209900\n11  chromedriver                        0x00000001043f5454 _RNvCsgXDX2mvAJAg_7___rustc35___rust_no_alloc_shim_is_unstable_v2 + 86728\n12  chromedriver                        0x000000010447b814 _RNvCsgXDX2mvAJAg_7___rustc35___rust_no_alloc_shim_is_unstable_v2 + 636552\n13  chromedriver                        0x000000010447ad54 _RNvCsgXDX2mvAJAg_7___rustc35___rust_no_alloc_shim_is_unstable_v2 + 633800\n14  chromedriver                        0x000000010442def0 _RNvCsgXDX2mvAJAg_7___rustc35___rust_no_alloc_shim_is_unstable_v2 + 318820\n15  chromedriver                        0x00000001048a60c8 cxxbridge1$str$ptr + 2692164\n16  chromedriver                        0x00000001048a98dc cxxbridge1$str$ptr + 2706520\n17  chromedriver                        0x000000010488684c cxxbridge1$str$ptr + 2563016\n18  chromedriver                        0x00000001048aa1b4 cxxbridge1$str$ptr + 2708784\n19  chromedriver                        0x00000001048780f4 cxxbridge1$str$ptr + 2503792\n20  chromedriver                        0x00000001048c9498 cxxbridge1$str$ptr + 2836500\n21  chromedriver                        0x00000001048c961c cxxbridge1$str$ptr + 2836888\n22  chromedriver                        0x00000001048da7d8 cxxbridge1$str$ptr + 2906964\n23  libsystem_pthread.dylib             0x0000000196721c08 _pthread_start + 136\n24  libsystem_pthread.dylib             0x000000019671cba8 thread_start + 8","time":{"start":1770244015889,"stop":1770244015974,"duration":85}}],"categories":[{"name":"Test defects","matchedStatuses":[],"flaky":false}],"tags":[]},"source":"3bc7ee7a24ce0634.json","parameterValues":[]}