{"uid":"607c4d7d5d4a7353","name":"Successful Login with Valid Credentials","fullName":"tests.login_test.TestLogin#test_valid_login","historyId":"18657c207d70aa57845e0b7f4751c290","time":{"start":1770244014660,"stop":1770244014780,"duration":120},"status":"broken","statusMessage":"selenium.common.exceptions.WebDriverException: Message: unknown error: net::ERR_CONNECTION_REFUSED\n  (Session info: chrome=142.0.7444.176)\nStacktrace:\n0   chromedriver                        0x0000000104adaecc cxxbridge1$str$ptr + 2941512\n1   chromedriver                        0x0000000104ad2b88 cxxbridge1$str$ptr + 2907908\n2   chromedriver                        0x00000001045ea2b0 _RNvCsgXDX2mvAJAg_7___rustc35___rust_no_alloc_shim_is_unstable_v2 + 74020\n3   chromedriver                        0x00000001045e247c _RNvCsgXDX2mvAJAg_7___rustc35___rust_no_alloc_shim_is_unstable_v2 + 41712\n4   chromedriver                        0x00000001045d5090 cxxbridge1$string$len + 4700\n5   chromedriver                        0x00000001045d6b18 cxxbridge1$string$len + 11492\n6   chromedriver                        0x00000001045d54dc cxxbridge1$string$len + 5800\n7   chromedriver                        0x00000001045d4df8 cxxbridge1$string$len + 4036\n8   chromedriver                        0x00000001045d4b84 cxxbridge1$string$len + 3408\n9   chromedriver                        0x00000001045d295c chromedriver + 207196\n10  chromedriver                        0x00000001045d33ec chromedriver + 209900\n11  chromedriver                        0x00000001045ed454 _RNvCsgXDX2mvAJAg_7___rustc35___rust_no_alloc_shim_is_unstable_v2 + 86728\n12  chromedriver                        0x0000000104673814 _RNvCsgXDX2mvAJAg_7___rustc35___rust_no_alloc_shim_is_unstable_v2 + 636552\n13  chromedriver                        0x0000000104672d54 _RNvCsgXDX2mvAJAg_7___rustc35___rust_no_alloc_shim_is_unstable_v2 + 633800\n14  chromedriver                        0x0000000104625ef0 _RNvCsgXDX2mvAJAg_7___rustc35___rust_no_alloc_shim_is_unstable_v2 + 318820\n15  chromedriver                        0x0000000104a9e0c8 cxxbridge1$str$ptr + 2692164\n16  chromedriver                        0x0000000104aa18dc cxxbridge1$str$ptr + 2706520\n17  chromedriver                        0x0000000104a7e84c cxxbridge1$str$ptr + 2563016\n18  chromedriver                        0x0000000104aa21b4 cxxbridge1$str$ptr + 2708784\n19  chromedriver                        0x0000000104a700f4 cxxbridge1$str$ptr + 2503792\n20  chromedriver                        0x0000000104ac1498 cxxbridge1$str$ptr + 2836500\n21  chromedriver                        0x0000000104ac161c cxxbridge1$str$ptr + 2836888\n22  chromedriver                        0x0000000104ad27d8 cxxbridge1$str$ptr + 2906964\n23  libsystem_pthread.dylib             0x0000000196721c08 _pthread_start + 136\n24  libsystem_pthread.dylib             0x000000019671cba8 thread_start + 8","statusTrace":"self = <login_test.TestLogin object at 0x10b064a50>\ndriver = <selenium.webdriver.chrome.webdriver.WebDriver (session=\"2594d0f0d4be1cf3222ec6e38f67ac60\")>\n\n    @allure.severity(allure.severity_level.CRITICAL)\n    @allure.title(\"Successful Login with Valid Credentials\")\n    def test_valid_login(self, driver):\n        login_page = LoginPage(driver)\n>       login_page.open()\n\ntests/login_test.py:19: \n_ _ _ _ _ _ _ _ _ _ _ _ _ _ _ _ _ _ _ _ _ _ _ _ _ _ _ _ _ _ _ _ _ _ _ _ _ _ _ _ _ _ _ _ _ _ _ _ _ _ _ _ _ _ _ _ _ _ _ _ _ _ _ \npages/login_page.py:25: in open\n    self.driver.get(self.url)\nqa/lib/python3.13/site-packages/selenium/webdriver/remote/webdriver.py:452: in get\n    self.execute(Command.GET, {\"url\": url})\nqa/lib/python3.13/site-packages/selenium/webdriver/remote/webdriver.py:432: in execute\n    self.error_handler.check_response(response)\n_ _ _ _ _ _ _ _ _ _ _ _ _ _ _ _ _ _ _ _ _ _ _ _ _ _ _ _ _ _ _ _ _ _ _ _ _ _ _ _ _ _ _ _ _ _ _ _ _ _ _ _ _ _ _ _ _ _ _ _ _ _ _ \n\nself = <selenium.webdriver.remote.errorhandler.ErrorHandler object at 0x10b0ac6e0>\nresponse = {'status': 500, 'value': '{\"value\":{\"error\":\"unknown error\",\"message\":\"unknown error: net::ERR_CONNECTION_REFUSED\\\\n  ...000196721c08 _pthread_start + 136\\\\n24  libsystem_pthread.dylib             0x000000019671cba8 thread_start + 8\\\\n\"}}'}\n\n    def check_response(self, response: dict[str, Any]) -> None:\n        \"\"\"Check that a JSON response from the WebDriver does not have an error.\n    \n        Args:\n            response: The JSON response from the WebDriver server as a dictionary\n                object.\n    \n        Raises:\n            WebDriverException: If the response contains an error message.\n        \"\"\"\n        status = response.get(\"status\", None)\n        if not status or status == ErrorCode.SUCCESS:\n            return\n        value = None\n        message = response.get(\"message\", \"\")\n        screen: str = response.get(\"screen\", \"\")\n        stacktrace = None\n        if isinstance(status, int):\n            value_json = response.get(\"value\", None)\n            if value_json and isinstance(value_json, str):\n                try:\n                    value = json.loads(value_json)\n                    if isinstance(value, dict):\n                        if len(value) == 1:\n                            value = value[\"value\"]\n                        status = value.get(\"error\", None)\n                        if not status:\n                            status = value.get(\"status\", ErrorCode.UNKNOWN_ERROR)\n                            message = value.get(\"value\") or value.get(\"message\")\n                            if not isinstance(message, str):\n                                value = message\n                                message = message.get(\"message\") if isinstance(message, dict) else None\n                        else:\n                            message = value.get(\"message\", None)\n                except ValueError:\n                    pass\n    \n        exception_class: type[WebDriverException]\n        e = ErrorCode()\n        error_codes = [item for item in dir(e) if not item.startswith(\"__\")]\n        for error_code in error_codes:\n            error_info = getattr(ErrorCode, error_code)\n            if isinstance(error_info, list) and status in error_info:\n                exception_class = getattr(ExceptionMapping, error_code, WebDriverException)\n                break\n        else:\n            exception_class = WebDriverException\n    \n        if not value:\n            value = response[\"value\"]\n        if isinstance(value, str):\n            raise exception_class(value)\n        if message == \"\" and \"message\" in value:\n            message = value[\"message\"]\n    \n        screen = None  # type: ignore[assignment]\n        if \"screen\" in value:\n            screen = value[\"screen\"]\n    \n        stacktrace = None\n        st_value = value.get(\"stackTrace\") or value.get(\"stacktrace\")\n        if st_value:\n            if isinstance(st_value, str):\n                stacktrace = st_value.split(\"\\n\")\n            else:\n                stacktrace = []\n                try:\n                    for frame in st_value:\n                        line = frame.get(\"lineNumber\", \"\")\n                        file = frame.get(\"fileName\", \"<anonymous>\")\n                        if line:\n                            file = f\"{file}:{line}\"\n                        meth = frame.get(\"methodName\", \"<anonymous>\")\n                        if \"className\" in frame:\n                            meth = f\"{frame['className']}.{meth}\"\n                        msg = \"    at %s (%s)\"\n                        msg = msg % (meth, file)\n                        stacktrace.append(msg)\n                except TypeError:\n                    pass\n        if exception_class == UnexpectedAlertPresentException:\n            alert_text = None\n            if \"data\" in value:\n                alert_text = value[\"data\"].get(\"text\")\n            elif \"alert\" in value:\n                alert_text = value[\"alert\"].get(\"text\")\n            raise exception_class(message, screen, stacktrace, alert_text)  # type: ignore[call-arg]  # mypy is not smart enough here\n>       raise exception_class(message, screen, stacktrace)\nE       selenium.common.exceptions.WebDriverException: Message: unknown error: net::ERR_CONNECTION_REFUSED\nE         (Session info: chrome=142.0.7444.176)\nE       Stacktrace:\nE       0   chromedriver                        0x0000000104adaecc cxxbridge1$str$ptr + 2941512\nE       1   chromedriver                        0x0000000104ad2b88 cxxbridge1$str$ptr + 2907908\nE       2   chromedriver                        0x00000001045ea2b0 _RNvCsgXDX2mvAJAg_7___rustc35___rust_no_alloc_shim_is_unstable_v2 + 74020\nE       3   chromedriver                        0x00000001045e247c _RNvCsgXDX2mvAJAg_7___rustc35___rust_no_alloc_shim_is_unstable_v2 + 41712\nE       4   chromedriver                        0x00000001045d5090 cxxbridge1$string$len + 4700\nE       5   chromedriver                        0x00000001045d6b18 cxxbridge1$string$len + 11492\nE       6   chromedriver                        0x00000001045d54dc cxxbridge1$string$len + 5800\nE       7   chromedriver                        0x00000001045d4df8 cxxbridge1$string$len + 4036\nE       8   chromedriver                        0x00000001045d4b84 cxxbridge1$string$len + 3408\nE       9   chromedriver                        0x00000001045d295c chromedriver + 207196\nE       10  chromedriver                        0x00000001045d33ec chromedriver + 209900\nE       11  chromedriver                        0x00000001045ed454 _RNvCsgXDX2mvAJAg_7___rustc35___rust_no_alloc_shim_is_unstable_v2 + 86728\nE       12  chromedriver                        0x0000000104673814 _RNvCsgXDX2mvAJAg_7___rustc35___rust_no_alloc_shim_is_unstable_v2 + 636552\nE       13  chromedriver                        0x0000000104672d54 _RNvCsgXDX2mvAJAg_7___rustc35___rust_no_alloc_shim_is_unstable_v2 + 633800\nE       14  chromedriver                        0x0000000104625ef0 _RNvCsgXDX2mvAJAg_7___rustc35___rust_no_alloc_shim_is_unstable_v2 + 318820\nE       15  chromedriver                        0x0000000104a9e0c8 cxxbridge1$str$ptr + 2692164\nE       16  chromedriver                        0x0000000104aa18dc cxxbridge1$str$ptr + 2706520\nE       17  chromedriver                        0x0000000104a7e84c cxxbridge1$str$ptr + 2563016\nE       18  chromedriver                        0x0000000104aa21b4 cxxbridge1$str$ptr + 2708784\nE       19  chromedriver                        0x0000000104a700f4 cxxbridge1$str$ptr + 2503792\nE       20  chromedriver                        0x0000000104ac1498 cxxbridge1$str$ptr + 2836500\nE       21  chromedriver                        0x0000000104ac161c cxxbridge1$str$ptr + 2836888\nE       22  chromedriver                        0x0000000104ad27d8 cxxbridge1$str$ptr + 2906964\nE       23  libsystem_pthread.dylib             0x0000000196721c08 _pthread_start + 136\nE       24  libsystem_pthread.dylib             0x000000019671cba8 thread_start + 8\n\nqa/lib/python3.13/site-packages/selenium/webdriver/remote/errorhandler.py:232: WebDriverException","flaky":false,"newFailed":false,"newBroken":false,"newPassed":false,"retriesCount":0,"retriesStatusChange":false,"beforeStages":[{"name":"driver","time":{"start":1770244012864,"stop":1770244014657,"duration":1793},"status":"passed","steps":[],"attachments":[],"parameters":[],"stepsCount":0,"shouldDisplayMessage":false,"attachmentsCount":0,"hasContent":false,"attachmentStep":false}],"testStage":{"status":"broken","statusMessage":"selenium.common.exceptions.WebDriverException: Message: unknown error: net::ERR_CONNECTION_REFUSED\n  (Session info: chrome=142.0.7444.176)\nStacktrace:\n0   chromedriver                        0x0000000104adaecc cxxbridge1$str$ptr + 2941512\n1   chromedriver                        0x0000000104ad2b88 cxxbridge1$str$ptr + 2907908\n2   chromedriver                        0x00000001045ea2b0 _RNvCsgXDX2mvAJAg_7___rustc35___rust_no_alloc_shim_is_unstable_v2 + 74020\n3   chromedriver                        0x00000001045e247c _RNvCsgXDX2mvAJAg_7___rustc35___rust_no_alloc_shim_is_unstable_v2 + 41712\n4   chromedriver                        0x00000001045d5090 cxxbridge1$string$len + 4700\n5   chromedriver                        0x00000001045d6b18 cxxbridge1$string$len + 11492\n6   chromedriver                        0x00000001045d54dc cxxbridge1$string$len + 5800\n7   chromedriver                        0x00000001045d4df8 cxxbridge1$string$len + 4036\n8   chromedriver                        0x00000001045d4b84 cxxbridge1$string$len + 3408\n9   chromedriver                        0x00000001045d295c chromedriver + 207196\n10  chromedriver                        0x00000001045d33ec chromedriver + 209900\n11  chromedriver                        0x00000001045ed454 _RNvCsgXDX2mvAJAg_7___rustc35___rust_no_alloc_shim_is_unstable_v2 + 86728\n12  chromedriver                        0x0000000104673814 _RNvCsgXDX2mvAJAg_7___rustc35___rust_no_alloc_shim_is_unstable_v2 + 636552\n13  chromedriver                        0x0000000104672d54 _RNvCsgXDX2mvAJAg_7___rustc35___rust_no_alloc_shim_is_unstable_v2 + 633800\n14  chromedriver                        0x0000000104625ef0 _RNvCsgXDX2mvAJAg_7___rustc35___rust_no_alloc_shim_is_unstable_v2 + 318820\n15  chromedriver                        0x0000000104a9e0c8 cxxbridge1$str$ptr + 2692164\n16  chromedriver                        0x0000000104aa18dc cxxbridge1$str$ptr + 2706520\n17  chromedriver                        0x0000000104a7e84c cxxbridge1$str$ptr + 2563016\n18  chromedriver                        0x0000000104aa21b4 cxxbridge1$str$ptr + 2708784\n19  chromedriver                        0x0000000104a700f4 cxxbridge1$str$ptr + 2503792\n20  chromedriver                        0x0000000104ac1498 cxxbridge1$str$ptr + 2836500\n21  chromedriver                        0x0000000104ac161c cxxbridge1$str$ptr + 2836888\n22  chromedriver                        0x0000000104ad27d8 cxxbridge1$str$ptr + 2906964\n23  libsystem_pthread.dylib             0x0000000196721c08 _pthread_start + 136\n24  libsystem_pthread.dylib             0x000000019671cba8 thread_start + 8","statusTrace":"self = <login_test.TestLogin object at 0x10b064a50>\ndriver = <selenium.webdriver.chrome.webdriver.WebDriver (session=\"2594d0f0d4be1cf3222ec6e38f67ac60\")>\n\n    @allure.severity(allure.severity_level.CRITICAL)\n    @allure.title(\"Successful Login with Valid Credentials\")\n    def test_valid_login(self, driver):\n        login_page = LoginPage(driver)\n>       login_page.open()\n\ntests/login_test.py:19: \n_ _ _ _ _ _ _ _ _ _ _ _ _ _ _ _ _ _ _ _ _ _ _ _ _ _ _ _ _ _ _ _ _ _ _ _ _ _ _ _ _ _ _ _ _ _ _ _ _ _ _ _ _ _ _ _ _ _ _ _ _ _ _ \npages/login_page.py:25: in open\n    self.driver.get(self.url)\nqa/lib/python3.13/site-packages/selenium/webdriver/remote/webdriver.py:452: in get\n    self.execute(Command.GET, {\"url\": url})\nqa/lib/python3.13/site-packages/selenium/webdriver/remote/webdriver.py:432: in execute\n    self.error_handler.check_response(response)\n_ _ _ _ _ _ _ _ _ _ _ _ _ _ _ _ _ _ _ _ _ _ _ _ _ _ _ _ _ _ _ _ _ _ _ _ _ _ _ _ _ _ _ _ _ _ _ _ _ _ _ _ _ _ _ _ _ _ _ _ _ _ _ \n\nself = <selenium.webdriver.remote.errorhandler.ErrorHandler object at 0x10b0ac6e0>\nresponse = {'status': 500, 'value': '{\"value\":{\"error\":\"unknown error\",\"message\":\"unknown error: net::ERR_CONNECTION_REFUSED\\\\n  ...000196721c08 _pthread_start + 136\\\\n24  libsystem_pthread.dylib             0x000000019671cba8 thread_start + 8\\\\n\"}}'}\n\n    def check_response(self, response: dict[str, Any]) -> None:\n        \"\"\"Check that a JSON response from the WebDriver does not have an error.\n    \n        Args:\n            response: The JSON response from the WebDriver server as a dictionary\n                object.\n    \n        Raises:\n            WebDriverException: If the response contains an error message.\n        \"\"\"\n        status = response.get(\"status\", None)\n        if not status or status == ErrorCode.SUCCESS:\n            return\n        value = None\n        message = response.get(\"message\", \"\")\n        screen: str = response.get(\"screen\", \"\")\n        stacktrace = None\n        if isinstance(status, int):\n            value_json = response.get(\"value\", None)\n            if value_json and isinstance(value_json, str):\n                try:\n                    value = json.loads(value_json)\n                    if isinstance(value, dict):\n                        if len(value) == 1:\n                            value = value[\"value\"]\n                        status = value.get(\"error\", None)\n                        if not status:\n                            status = value.get(\"status\", ErrorCode.UNKNOWN_ERROR)\n                            message = value.get(\"value\") or value.get(\"message\")\n                            if not isinstance(message, str):\n                                value = message\n                                message = message.get(\"message\") if isinstance(message, dict) else None\n                        else:\n                            message = value.get(\"message\", None)\n                except ValueError:\n                    pass\n    \n        exception_class: type[WebDriverException]\n        e = ErrorCode()\n        error_codes = [item for item in dir(e) if not item.startswith(\"__\")]\n        for error_code in error_codes:\n            error_info = getattr(ErrorCode, error_code)\n            if isinstance(error_info, list) and status in error_info:\n                exception_class = getattr(ExceptionMapping, error_code, WebDriverException)\n                break\n        else:\n            exception_class = WebDriverException\n    \n        if not value:\n            value = response[\"value\"]\n        if isinstance(value, str):\n            raise exception_class(value)\n        if message == \"\" and \"message\" in value:\n            message = value[\"message\"]\n    \n        screen = None  # type: ignore[assignment]\n        if \"screen\" in value:\n            screen = value[\"screen\"]\n    \n        stacktrace = None\n        st_value = value.get(\"stackTrace\") or value.get(\"stacktrace\")\n        if st_value:\n            if isinstance(st_value, str):\n                stacktrace = st_value.split(\"\\n\")\n            else:\n                stacktrace = []\n                try:\n                    for frame in st_value:\n                        line = frame.get(\"lineNumber\", \"\")\n                        file = frame.get(\"fileName\", \"<anonymous>\")\n                        if line:\n                            file = f\"{file}:{line}\"\n                        meth = frame.get(\"methodName\", \"<anonymous>\")\n                        if \"className\" in frame:\n                            meth = f\"{frame['className']}.{meth}\"\n                        msg = \"    at %s (%s)\"\n                        msg = msg % (meth, file)\n                        stacktrace.append(msg)\n                except TypeError:\n                    pass\n        if exception_class == UnexpectedAlertPresentException:\n            alert_text = None\n            if \"data\" in value:\n                alert_text = value[\"data\"].get(\"text\")\n            elif \"alert\" in value:\n                alert_text = value[\"alert\"].get(\"text\")\n            raise exception_class(message, screen, stacktrace, alert_text)  # type: ignore[call-arg]  # mypy is not smart enough here\n>       raise exception_class(message, screen, stacktrace)\nE       selenium.common.exceptions.WebDriverException: Message: unknown error: net::ERR_CONNECTION_REFUSED\nE         (Session info: chrome=142.0.7444.176)\nE       Stacktrace:\nE       0   chromedriver                        0x0000000104adaecc cxxbridge1$str$ptr + 2941512\nE       1   chromedriver                        0x0000000104ad2b88 cxxbridge1$str$ptr + 2907908\nE       2   chromedriver                        0x00000001045ea2b0 _RNvCsgXDX2mvAJAg_7___rustc35___rust_no_alloc_shim_is_unstable_v2 + 74020\nE       3   chromedriver                        0x00000001045e247c _RNvCsgXDX2mvAJAg_7___rustc35___rust_no_alloc_shim_is_unstable_v2 + 41712\nE       4   chromedriver                        0x00000001045d5090 cxxbridge1$string$len + 4700\nE       5   chromedriver                        0x00000001045d6b18 cxxbridge1$string$len + 11492\nE       6   chromedriver                        0x00000001045d54dc cxxbridge1$string$len + 5800\nE       7   chromedriver                        0x00000001045d4df8 cxxbridge1$string$len + 4036\nE       8   chromedriver                        0x00000001045d4b84 cxxbridge1$string$len + 3408\nE       9   chromedriver                        0x00000001045d295c chromedriver + 207196\nE       10  chromedriver                        0x00000001045d33ec chromedriver + 209900\nE       11  chromedriver                        0x00000001045ed454 _RNvCsgXDX2mvAJAg_7___rustc35___rust_no_alloc_shim_is_unstable_v2 + 86728\nE       12  chromedriver                        0x0000000104673814 _RNvCsgXDX2mvAJAg_7___rustc35___rust_no_alloc_shim_is_unstable_v2 + 636552\nE       13  chromedriver                        0x0000000104672d54 _RNvCsgXDX2mvAJAg_7___rustc35___rust_no_alloc_shim_is_unstable_v2 + 633800\nE       14  chromedriver                        0x0000000104625ef0 _RNvCsgXDX2mvAJAg_7___rustc35___rust_no_alloc_shim_is_unstable_v2 + 318820\nE       15  chromedriver                        0x0000000104a9e0c8 cxxbridge1$str$ptr + 2692164\nE       16  chromedriver                        0x0000000104aa18dc cxxbridge1$str$ptr + 2706520\nE       17  chromedriver                        0x0000000104a7e84c cxxbridge1$str$ptr + 2563016\nE       18  chromedriver                        0x0000000104aa21b4 cxxbridge1$str$ptr + 2708784\nE       19  chromedriver                        0x0000000104a700f4 cxxbridge1$str$ptr + 2503792\nE       20  chromedriver                        0x0000000104ac1498 cxxbridge1$str$ptr + 2836500\nE       21  chromedriver                        0x0000000104ac161c cxxbridge1$str$ptr + 2836888\nE       22  chromedriver                        0x0000000104ad27d8 cxxbridge1$str$ptr + 2906964\nE       23  libsystem_pthread.dylib             0x0000000196721c08 _pthread_start + 136\nE       24  libsystem_pthread.dylib             0x000000019671cba8 thread_start + 8\n\nqa/lib/python3.13/site-packages/selenium/webdriver/remote/errorhandler.py:232: WebDriverException","steps":[{"name":"Navigate to Login Page","time":{"start":1770244014660,"stop":1770244014778,"duration":118},"status":"broken","statusMessage":"selenium.common.exceptions.WebDriverException: Message: unknown error: net::ERR_CONNECTION_REFUSED\n  (Session info: chrome=142.0.7444.176)\nStacktrace:\n0   chromedriver                        0x0000000104adaecc cxxbridge1$str$ptr + 2941512\n1   chromedriver                        0x0000000104ad2b88 cxxbridge1$str$ptr + 2907908\n2   chromedriver                        0x00000001045ea2b0 _RNvCsgXDX2mvAJAg_7___rustc35___rust_no_alloc_shim_is_unstable_v2 + 74020\n3   chromedriver                        0x00000001045e247c _RNvCsgXDX2mvAJAg_7___rustc35___rust_no_alloc_shim_is_unstable_v2 + 41712\n4   chromedriver                        0x00000001045d5090 cxxbridge1$string$len + 4700\n5   chromedriver                        0x00000001045d6b18 cxxbridge1$string$len + 11492\n6   chromedriver                        0x00000001045d54dc cxxbridge1$string$len + 5800\n7   chromedriver                        0x00000001045d4df8 cxxbridge1$string$len + 4036\n8   chromedriver                        0x00000001045d4b84 cxxbridge1$string$len + 3408\n9   chromedriver                        0x00000001045d295c chromedriver + 207196\n10  chromedriver                        0x00000001045d33ec chromedriver + 209900\n11  chromedriver                        0x00000001045ed454 _RNvCsgXDX2mvAJAg_7___rustc35___rust_no_alloc_shim_is_unstable_v2 + 86728\n12  chromedriver                        0x0000000104673814 _RNvCsgXDX2mvAJAg_7___rustc35___rust_no_alloc_shim_is_unstable_v2 + 636552\n13  chromedriver                        0x0000000104672d54 _RNvCsgXDX2mvAJAg_7___rustc35___rust_no_alloc_shim_is_unstable_v2 + 633800\n14  chromedriver                        0x0000000104625ef0 _RNvCsgXDX2mvAJAg_7___rustc35___rust_no_alloc_shim_is_unstable_v2 + 318820\n15  chromedriver                        0x0000000104a9e0c8 cxxbridge1$str$ptr + 2692164\n16  chromedriver                        0x0000000104aa18dc cxxbridge1$str$ptr + 2706520\n17  chromedriver                        0x0000000104a7e84c cxxbridge1$str$ptr + 2563016\n18  chromedriver                        0x0000000104aa21b4 cxxbridge1$str$ptr + 2708784\n19  chromedriver                        0x0000000104a700f4 cxxbridge1$str$ptr + 2503792\n20  chromedriver                        0x0000000104ac1498 cxxbridge1$str$ptr + 2836500\n21  chromedriver                        0x0000000104ac161c cxxbridge1$str$ptr + 2836888\n22  chromedriver                        0x0000000104ad27d8 cxxbridge1$str$ptr + 2906964\n23  libsystem_pthread.dylib             0x0000000196721c08 _pthread_start + 136\n24  libsystem_pthread.dylib             0x000000019671cba8 thread_start + 8\n\n","statusTrace":"  File \"/Users/cauecasonato/Envs/qa-automation-portfolio/qa/lib/python3.13/site-packages/allure_commons/_allure.py\", line 202, in impl\n    return func(*a, **kw)\n  File \"/Users/cauecasonato/Envs/qa-automation-portfolio/pages/login_page.py\", line 25, in open\n    self.driver.get(self.url)\n    ~~~~~~~~~~~~~~~^^^^^^^^^^\n  File \"/Users/cauecasonato/Envs/qa-automation-portfolio/qa/lib/python3.13/site-packages/selenium/webdriver/remote/webdriver.py\", line 452, in get\n    self.execute(Command.GET, {\"url\": url})\n    ~~~~~~~~~~~~^^^^^^^^^^^^^^^^^^^^^^^^^^^\n  File \"/Users/cauecasonato/Envs/qa-automation-portfolio/qa/lib/python3.13/site-packages/selenium/webdriver/remote/webdriver.py\", line 432, in execute\n    self.error_handler.check_response(response)\n    ~~~~~~~~~~~~~~~~~~~~~~~~~~~~~~~~~^^^^^^^^^^\n  File \"/Users/cauecasonato/Envs/qa-automation-portfolio/qa/lib/python3.13/site-packages/selenium/webdriver/remote/errorhandler.py\", line 232, in check_response\n    raise exception_class(message, screen, stacktrace)\n","steps":[],"attachments":[],"parameters":[],"stepsCount":0,"shouldDisplayMessage":true,"attachmentsCount":0,"hasContent":true,"attachmentStep":false}],"attachments":[],"parameters":[],"stepsCount":1,"shouldDisplayMessage":true,"attachmentsCount":0,"hasContent":true,"attachmentStep":false},"afterStages":[{"name":"driver::0","time":{"start":1770244014818,"stop":1770244014919,"duration":101},"status":"passed","steps":[],"attachments":[],"parameters":[],"stepsCount":0,"shouldDisplayMessage":false,"attachmentsCount":0,"hasContent":false,"attachmentStep":false}],"labels":[{"name":"feature","value":"Authentication"},{"name":"story","value":"Login"},{"name":"severity","value":"critical"},{"name":"parentSuite","value":"tests"},{"name":"suite","value":"login_test"},{"name":"subSuite","value":"TestLogin"},{"name":"host","value":"Caues-MacBook-Air.local"},{"name":"thread","value":"42404-MainThread"},{"name":"framework","value":"pytest"},{"name":"language","value":"cpython3"},{"name":"package","value":"tests.login_test"},{"name":"resultFormat","value":"allure2"}],"parameters":[],"links":[],"hidden":true,"retry":true,"extra":{"categories":[],"tags":[]},"source":"607c4d7d5d4a7353.json","parameterValues":[]}