{"uid":"74de0c85bd35504e","name":"Successful Login with Valid Credentials","fullName":"tests.login_test.TestLogin#test_valid_login","historyId":"18657c207d70aa57845e0b7f4751c290","time":{"start":1770319367799,"stop":1770319377850,"duration":10051},"status":"broken","statusMessage":"selenium.common.exceptions.NoSuchWindowException: Message: no such window: target window already closed\nfrom unknown error: web view not found\n  (Session info: chrome=142.0.7444.176)\nStacktrace:\n0   chromedriver                        0x000000010517eecc cxxbridge1$str$ptr + 2941512\n1   chromedriver                        0x0000000105176b88 cxxbridge1$str$ptr + 2907908\n2   chromedriver                        0x0000000104c8e2b0 _RNvCsgXDX2mvAJAg_7___rustc35___rust_no_alloc_shim_is_unstable_v2 + 74020\n3   chromedriver                        0x0000000104c67d08 chromedriver + 146696\n4   chromedriver                        0x0000000104cfdc1c _RNvCsgXDX2mvAJAg_7___rustc35___rust_no_alloc_shim_is_unstable_v2 + 531088\n5   chromedriver                        0x0000000104d168b4 _RNvCsgXDX2mvAJAg_7___rustc35___rust_no_alloc_shim_is_unstable_v2 + 632616\n6   chromedriver                        0x0000000104cc9ef0 _RNvCsgXDX2mvAJAg_7___rustc35___rust_no_alloc_shim_is_unstable_v2 + 318820\n7   chromedriver                        0x00000001051420c8 cxxbridge1$str$ptr + 2692164\n8   chromedriver                        0x00000001051458dc cxxbridge1$str$ptr + 2706520\n9   chromedriver                        0x000000010512284c cxxbridge1$str$ptr + 2563016\n10  chromedriver                        0x00000001051461b4 cxxbridge1$str$ptr + 2708784\n11  chromedriver                        0x00000001051140f4 cxxbridge1$str$ptr + 2503792\n12  chromedriver                        0x0000000105165498 cxxbridge1$str$ptr + 2836500\n13  chromedriver                        0x000000010516561c cxxbridge1$str$ptr + 2836888\n14  chromedriver                        0x00000001051767d8 cxxbridge1$str$ptr + 2906964\n15  libsystem_pthread.dylib             0x0000000196721c08 _pthread_start + 136\n16  libsystem_pthread.dylib             0x000000019671cba8 thread_start + 8","statusTrace":"self = <tests.login_test.TestLogin object at 0x108fb4a50>\ndriver = <selenium.webdriver.chrome.webdriver.WebDriver (session=\"a9df4f6340d3b104c5021d0373db6550\")>\n\n    @allure.severity(allure.severity_level.CRITICAL)\n    @allure.title(\"Successful Login with Valid Credentials\")\n    def test_valid_login(self, driver):\n        login_page = LoginPage(driver)\n        login_page.open()\n    \n        email = os.getenv(\"TEST_USER_EMAIL\")\n        password = os.getenv(\"TEST_USER_PASSWORD\")\n    \n        login_page.login(email, password)\n    \n        try:\n>           WebDriverWait(driver, 10).until(\n                lambda d: d.current_url == \"http://localhost:5003/\"\n            )\n\ntests/login_test.py:27: \n_ _ _ _ _ _ _ _ _ _ _ _ _ _ _ _ _ _ _ _ _ _ _ _ _ _ _ _ _ _ _ _ _ _ _ _ _ _ _ _ _ _ _ _ _ _ _ _ _ _ _ _ _ _ _ _ _ _ _ _ _ _ _ \nqa/lib/python3.13/site-packages/selenium/webdriver/support/wait.py:112: in until\n    value = method(self._driver)\n            ^^^^^^^^^^^^^^^^^^^^\ntests/login_test.py:28: in <lambda>\n    lambda d: d.current_url == \"http://localhost:5003/\"\n             ^^^^^^^^^^^^^\nqa/lib/python3.13/site-packages/selenium/webdriver/remote/webdriver.py:542: in current_url\n    return self.execute(Command.GET_CURRENT_URL)[\"value\"]\n           ^^^^^^^^^^^^^^^^^^^^^^^^^^^^^^^^^^^^^\nqa/lib/python3.13/site-packages/selenium/webdriver/remote/webdriver.py:432: in execute\n    self.error_handler.check_response(response)\n_ _ _ _ _ _ _ _ _ _ _ _ _ _ _ _ _ _ _ _ _ _ _ _ _ _ _ _ _ _ _ _ _ _ _ _ _ _ _ _ _ _ _ _ _ _ _ _ _ _ _ _ _ _ _ _ _ _ _ _ _ _ _ \n\nself = <selenium.webdriver.remote.errorhandler.ErrorHandler object at 0x108fab770>\nresponse = {'status': 404, 'value': '{\"value\":{\"error\":\"no such window\",\"message\":\"no such window: target window already closed\\\\...000196721c08 _pthread_start + 136\\\\n16  libsystem_pthread.dylib             0x000000019671cba8 thread_start + 8\\\\n\"}}'}\n\n    def check_response(self, response: dict[str, Any]) -> None:\n        \"\"\"Check that a JSON response from the WebDriver does not have an error.\n    \n        Args:\n            response: The JSON response from the WebDriver server as a dictionary\n                object.\n    \n        Raises:\n            WebDriverException: If the response contains an error message.\n        \"\"\"\n        status = response.get(\"status\", None)\n        if not status or status == ErrorCode.SUCCESS:\n            return\n        value = None\n        message = response.get(\"message\", \"\")\n        screen: str = response.get(\"screen\", \"\")\n        stacktrace = None\n        if isinstance(status, int):\n            value_json = response.get(\"value\", None)\n            if value_json and isinstance(value_json, str):\n                try:\n                    value = json.loads(value_json)\n                    if isinstance(value, dict):\n                        if len(value) == 1:\n                            value = value[\"value\"]\n                        status = value.get(\"error\", None)\n                        if not status:\n                            status = value.get(\"status\", ErrorCode.UNKNOWN_ERROR)\n                            message = value.get(\"value\") or value.get(\"message\")\n                            if not isinstance(message, str):\n                                value = message\n                                message = message.get(\"message\") if isinstance(message, dict) else None\n                        else:\n                            message = value.get(\"message\", None)\n                except ValueError:\n                    pass\n    \n        exception_class: type[WebDriverException]\n        e = ErrorCode()\n        error_codes = [item for item in dir(e) if not item.startswith(\"__\")]\n        for error_code in error_codes:\n            error_info = getattr(ErrorCode, error_code)\n            if isinstance(error_info, list) and status in error_info:\n                exception_class = getattr(ExceptionMapping, error_code, WebDriverException)\n                break\n        else:\n            exception_class = WebDriverException\n    \n        if not value:\n            value = response[\"value\"]\n        if isinstance(value, str):\n            raise exception_class(value)\n        if message == \"\" and \"message\" in value:\n            message = value[\"message\"]\n    \n        screen = None  # type: ignore[assignment]\n        if \"screen\" in value:\n            screen = value[\"screen\"]\n    \n        stacktrace = None\n        st_value = value.get(\"stackTrace\") or value.get(\"stacktrace\")\n        if st_value:\n            if isinstance(st_value, str):\n                stacktrace = st_value.split(\"\\n\")\n            else:\n                stacktrace = []\n                try:\n                    for frame in st_value:\n                        line = frame.get(\"lineNumber\", \"\")\n                        file = frame.get(\"fileName\", \"<anonymous>\")\n                        if line:\n                            file = f\"{file}:{line}\"\n                        meth = frame.get(\"methodName\", \"<anonymous>\")\n                        if \"className\" in frame:\n                            meth = f\"{frame['className']}.{meth}\"\n                        msg = \"    at %s (%s)\"\n                        msg = msg % (meth, file)\n                        stacktrace.append(msg)\n                except TypeError:\n                    pass\n        if exception_class == UnexpectedAlertPresentException:\n            alert_text = None\n            if \"data\" in value:\n                alert_text = value[\"data\"].get(\"text\")\n            elif \"alert\" in value:\n                alert_text = value[\"alert\"].get(\"text\")\n            raise exception_class(message, screen, stacktrace, alert_text)  # type: ignore[call-arg]  # mypy is not smart enough here\n>       raise exception_class(message, screen, stacktrace)\nE       selenium.common.exceptions.NoSuchWindowException: Message: no such window: target window already closed\nE       from unknown error: web view not found\nE         (Session info: chrome=142.0.7444.176)\nE       Stacktrace:\nE       0   chromedriver                        0x000000010517eecc cxxbridge1$str$ptr + 2941512\nE       1   chromedriver                        0x0000000105176b88 cxxbridge1$str$ptr + 2907908\nE       2   chromedriver                        0x0000000104c8e2b0 _RNvCsgXDX2mvAJAg_7___rustc35___rust_no_alloc_shim_is_unstable_v2 + 74020\nE       3   chromedriver                        0x0000000104c67d08 chromedriver + 146696\nE       4   chromedriver                        0x0000000104cfdc1c _RNvCsgXDX2mvAJAg_7___rustc35___rust_no_alloc_shim_is_unstable_v2 + 531088\nE       5   chromedriver                        0x0000000104d168b4 _RNvCsgXDX2mvAJAg_7___rustc35___rust_no_alloc_shim_is_unstable_v2 + 632616\nE       6   chromedriver                        0x0000000104cc9ef0 _RNvCsgXDX2mvAJAg_7___rustc35___rust_no_alloc_shim_is_unstable_v2 + 318820\nE       7   chromedriver                        0x00000001051420c8 cxxbridge1$str$ptr + 2692164\nE       8   chromedriver                        0x00000001051458dc cxxbridge1$str$ptr + 2706520\nE       9   chromedriver                        0x000000010512284c cxxbridge1$str$ptr + 2563016\nE       10  chromedriver                        0x00000001051461b4 cxxbridge1$str$ptr + 2708784\nE       11  chromedriver                        0x00000001051140f4 cxxbridge1$str$ptr + 2503792\nE       12  chromedriver                        0x0000000105165498 cxxbridge1$str$ptr + 2836500\nE       13  chromedriver                        0x000000010516561c cxxbridge1$str$ptr + 2836888\nE       14  chromedriver                        0x00000001051767d8 cxxbridge1$str$ptr + 2906964\nE       15  libsystem_pthread.dylib             0x0000000196721c08 _pthread_start + 136\nE       16  libsystem_pthread.dylib             0x000000019671cba8 thread_start + 8\n\nqa/lib/python3.13/site-packages/selenium/webdriver/remote/errorhandler.py:232: NoSuchWindowException","flaky":false,"newFailed":false,"newBroken":false,"newPassed":false,"retriesCount":0,"retriesStatusChange":false,"beforeStages":[{"name":"driver","time":{"start":1770319361225,"stop":1770319367798,"duration":6573},"status":"passed","steps":[],"attachments":[],"parameters":[],"stepsCount":0,"shouldDisplayMessage":false,"attachmentsCount":0,"hasContent":false,"attachmentStep":false}],"testStage":{"status":"broken","statusMessage":"selenium.common.exceptions.NoSuchWindowException: Message: no such window: target window already closed\nfrom unknown error: web view not found\n  (Session info: chrome=142.0.7444.176)\nStacktrace:\n0   chromedriver                        0x000000010517eecc cxxbridge1$str$ptr + 2941512\n1   chromedriver                        0x0000000105176b88 cxxbridge1$str$ptr + 2907908\n2   chromedriver                        0x0000000104c8e2b0 _RNvCsgXDX2mvAJAg_7___rustc35___rust_no_alloc_shim_is_unstable_v2 + 74020\n3   chromedriver                        0x0000000104c67d08 chromedriver + 146696\n4   chromedriver                        0x0000000104cfdc1c _RNvCsgXDX2mvAJAg_7___rustc35___rust_no_alloc_shim_is_unstable_v2 + 531088\n5   chromedriver                        0x0000000104d168b4 _RNvCsgXDX2mvAJAg_7___rustc35___rust_no_alloc_shim_is_unstable_v2 + 632616\n6   chromedriver                        0x0000000104cc9ef0 _RNvCsgXDX2mvAJAg_7___rustc35___rust_no_alloc_shim_is_unstable_v2 + 318820\n7   chromedriver                        0x00000001051420c8 cxxbridge1$str$ptr + 2692164\n8   chromedriver                        0x00000001051458dc cxxbridge1$str$ptr + 2706520\n9   chromedriver                        0x000000010512284c cxxbridge1$str$ptr + 2563016\n10  chromedriver                        0x00000001051461b4 cxxbridge1$str$ptr + 2708784\n11  chromedriver                        0x00000001051140f4 cxxbridge1$str$ptr + 2503792\n12  chromedriver                        0x0000000105165498 cxxbridge1$str$ptr + 2836500\n13  chromedriver                        0x000000010516561c cxxbridge1$str$ptr + 2836888\n14  chromedriver                        0x00000001051767d8 cxxbridge1$str$ptr + 2906964\n15  libsystem_pthread.dylib             0x0000000196721c08 _pthread_start + 136\n16  libsystem_pthread.dylib             0x000000019671cba8 thread_start + 8","statusTrace":"self = <tests.login_test.TestLogin object at 0x108fb4a50>\ndriver = <selenium.webdriver.chrome.webdriver.WebDriver (session=\"a9df4f6340d3b104c5021d0373db6550\")>\n\n    @allure.severity(allure.severity_level.CRITICAL)\n    @allure.title(\"Successful Login with Valid Credentials\")\n    def test_valid_login(self, driver):\n        login_page = LoginPage(driver)\n        login_page.open()\n    \n        email = os.getenv(\"TEST_USER_EMAIL\")\n        password = os.getenv(\"TEST_USER_PASSWORD\")\n    \n        login_page.login(email, password)\n    \n        try:\n>           WebDriverWait(driver, 10).until(\n                lambda d: d.current_url == \"http://localhost:5003/\"\n            )\n\ntests/login_test.py:27: \n_ _ _ _ _ _ _ _ _ _ _ _ _ _ _ _ _ _ _ _ _ _ _ _ _ _ _ _ _ _ _ _ _ _ _ _ _ _ _ _ _ _ _ _ _ _ _ _ _ _ _ _ _ _ _ _ _ _ _ _ _ _ _ \nqa/lib/python3.13/site-packages/selenium/webdriver/support/wait.py:112: in until\n    value = method(self._driver)\n            ^^^^^^^^^^^^^^^^^^^^\ntests/login_test.py:28: in <lambda>\n    lambda d: d.current_url == \"http://localhost:5003/\"\n             ^^^^^^^^^^^^^\nqa/lib/python3.13/site-packages/selenium/webdriver/remote/webdriver.py:542: in current_url\n    return self.execute(Command.GET_CURRENT_URL)[\"value\"]\n           ^^^^^^^^^^^^^^^^^^^^^^^^^^^^^^^^^^^^^\nqa/lib/python3.13/site-packages/selenium/webdriver/remote/webdriver.py:432: in execute\n    self.error_handler.check_response(response)\n_ _ _ _ _ _ _ _ _ _ _ _ _ _ _ _ _ _ _ _ _ _ _ _ _ _ _ _ _ _ _ _ _ _ _ _ _ _ _ _ _ _ _ _ _ _ _ _ _ _ _ _ _ _ _ _ _ _ _ _ _ _ _ \n\nself = <selenium.webdriver.remote.errorhandler.ErrorHandler object at 0x108fab770>\nresponse = {'status': 404, 'value': '{\"value\":{\"error\":\"no such window\",\"message\":\"no such window: target window already closed\\\\...000196721c08 _pthread_start + 136\\\\n16  libsystem_pthread.dylib             0x000000019671cba8 thread_start + 8\\\\n\"}}'}\n\n    def check_response(self, response: dict[str, Any]) -> None:\n        \"\"\"Check that a JSON response from the WebDriver does not have an error.\n    \n        Args:\n            response: The JSON response from the WebDriver server as a dictionary\n                object.\n    \n        Raises:\n            WebDriverException: If the response contains an error message.\n        \"\"\"\n        status = response.get(\"status\", None)\n        if not status or status == ErrorCode.SUCCESS:\n            return\n        value = None\n        message = response.get(\"message\", \"\")\n        screen: str = response.get(\"screen\", \"\")\n        stacktrace = None\n        if isinstance(status, int):\n            value_json = response.get(\"value\", None)\n            if value_json and isinstance(value_json, str):\n                try:\n                    value = json.loads(value_json)\n                    if isinstance(value, dict):\n                        if len(value) == 1:\n                            value = value[\"value\"]\n                        status = value.get(\"error\", None)\n                        if not status:\n                            status = value.get(\"status\", ErrorCode.UNKNOWN_ERROR)\n                            message = value.get(\"value\") or value.get(\"message\")\n                            if not isinstance(message, str):\n                                value = message\n                                message = message.get(\"message\") if isinstance(message, dict) else None\n                        else:\n                            message = value.get(\"message\", None)\n                except ValueError:\n                    pass\n    \n        exception_class: type[WebDriverException]\n        e = ErrorCode()\n        error_codes = [item for item in dir(e) if not item.startswith(\"__\")]\n        for error_code in error_codes:\n            error_info = getattr(ErrorCode, error_code)\n            if isinstance(error_info, list) and status in error_info:\n                exception_class = getattr(ExceptionMapping, error_code, WebDriverException)\n                break\n        else:\n            exception_class = WebDriverException\n    \n        if not value:\n            value = response[\"value\"]\n        if isinstance(value, str):\n            raise exception_class(value)\n        if message == \"\" and \"message\" in value:\n            message = value[\"message\"]\n    \n        screen = None  # type: ignore[assignment]\n        if \"screen\" in value:\n            screen = value[\"screen\"]\n    \n        stacktrace = None\n        st_value = value.get(\"stackTrace\") or value.get(\"stacktrace\")\n        if st_value:\n            if isinstance(st_value, str):\n                stacktrace = st_value.split(\"\\n\")\n            else:\n                stacktrace = []\n                try:\n                    for frame in st_value:\n                        line = frame.get(\"lineNumber\", \"\")\n                        file = frame.get(\"fileName\", \"<anonymous>\")\n                        if line:\n                            file = f\"{file}:{line}\"\n                        meth = frame.get(\"methodName\", \"<anonymous>\")\n                        if \"className\" in frame:\n                            meth = f\"{frame['className']}.{meth}\"\n                        msg = \"    at %s (%s)\"\n                        msg = msg % (meth, file)\n                        stacktrace.append(msg)\n                except TypeError:\n                    pass\n        if exception_class == UnexpectedAlertPresentException:\n            alert_text = None\n            if \"data\" in value:\n                alert_text = value[\"data\"].get(\"text\")\n            elif \"alert\" in value:\n                alert_text = value[\"alert\"].get(\"text\")\n            raise exception_class(message, screen, stacktrace, alert_text)  # type: ignore[call-arg]  # mypy is not smart enough here\n>       raise exception_class(message, screen, stacktrace)\nE       selenium.common.exceptions.NoSuchWindowException: Message: no such window: target window already closed\nE       from unknown error: web view not found\nE         (Session info: chrome=142.0.7444.176)\nE       Stacktrace:\nE       0   chromedriver                        0x000000010517eecc cxxbridge1$str$ptr + 2941512\nE       1   chromedriver                        0x0000000105176b88 cxxbridge1$str$ptr + 2907908\nE       2   chromedriver                        0x0000000104c8e2b0 _RNvCsgXDX2mvAJAg_7___rustc35___rust_no_alloc_shim_is_unstable_v2 + 74020\nE       3   chromedriver                        0x0000000104c67d08 chromedriver + 146696\nE       4   chromedriver                        0x0000000104cfdc1c _RNvCsgXDX2mvAJAg_7___rustc35___rust_no_alloc_shim_is_unstable_v2 + 531088\nE       5   chromedriver                        0x0000000104d168b4 _RNvCsgXDX2mvAJAg_7___rustc35___rust_no_alloc_shim_is_unstable_v2 + 632616\nE       6   chromedriver                        0x0000000104cc9ef0 _RNvCsgXDX2mvAJAg_7___rustc35___rust_no_alloc_shim_is_unstable_v2 + 318820\nE       7   chromedriver                        0x00000001051420c8 cxxbridge1$str$ptr + 2692164\nE       8   chromedriver                        0x00000001051458dc cxxbridge1$str$ptr + 2706520\nE       9   chromedriver                        0x000000010512284c cxxbridge1$str$ptr + 2563016\nE       10  chromedriver                        0x00000001051461b4 cxxbridge1$str$ptr + 2708784\nE       11  chromedriver                        0x00000001051140f4 cxxbridge1$str$ptr + 2503792\nE       12  chromedriver                        0x0000000105165498 cxxbridge1$str$ptr + 2836500\nE       13  chromedriver                        0x000000010516561c cxxbridge1$str$ptr + 2836888\nE       14  chromedriver                        0x00000001051767d8 cxxbridge1$str$ptr + 2906964\nE       15  libsystem_pthread.dylib             0x0000000196721c08 _pthread_start + 136\nE       16  libsystem_pthread.dylib             0x000000019671cba8 thread_start + 8\n\nqa/lib/python3.13/site-packages/selenium/webdriver/remote/errorhandler.py:232: NoSuchWindowException","steps":[{"name":"Navigate to Login Page","time":{"start":1770319367800,"stop":1770319368619,"duration":819},"status":"passed","steps":[],"attachments":[],"parameters":[],"stepsCount":0,"shouldDisplayMessage":false,"attachmentsCount":0,"hasContent":false,"attachmentStep":false},{"name":"Login with email: 'caueroriz@gmail.com'","time":{"start":1770319368619,"stop":1770319370230,"duration":1611},"status":"passed","steps":[],"attachments":[],"parameters":[{"name":"email","value":"'caueroriz@gmail.com'"},{"name":"password","value":"'Caue2109'"}],"stepsCount":0,"shouldDisplayMessage":false,"attachmentsCount":0,"hasContent":true,"attachmentStep":false}],"attachments":[],"parameters":[],"stepsCount":2,"shouldDisplayMessage":true,"attachmentsCount":0,"hasContent":true,"attachmentStep":false},"afterStages":[{"name":"driver::0","time":{"start":1770319377889,"stop":1770319378032,"duration":143},"status":"passed","steps":[],"attachments":[],"parameters":[],"stepsCount":0,"shouldDisplayMessage":false,"attachmentsCount":0,"hasContent":false,"attachmentStep":false}],"labels":[{"name":"severity","value":"critical"},{"name":"feature","value":"Authentication"},{"name":"story","value":"Login"},{"name":"parentSuite","value":"tests"},{"name":"suite","value":"login_test"},{"name":"subSuite","value":"TestLogin"},{"name":"host","value":"Caues-MacBook-Air.local"},{"name":"thread","value":"94076-MainThread"},{"name":"framework","value":"pytest"},{"name":"language","value":"cpython3"},{"name":"package","value":"tests.login_test"},{"name":"resultFormat","value":"allure2"}],"parameters":[],"links":[],"hidden":true,"retry":true,"extra":{"categories":[],"tags":[]},"source":"74de0c85bd35504e.json","parameterValues":[]}