{"name": "Fail Login with Invalid Email Format", "status": "broken", "statusDetails": {"message": "selenium.common.exceptions.WebDriverException: Message: unknown error: net::ERR_CONNECTION_REFUSED\n  (Session info: chrome=142.0.7444.176)\nStacktrace:\n0   chromedriver                        0x00000001048e2ecc cxxbridge1$str$ptr + 2941512\n1   chromedriver                        0x00000001048dab88 cxxbridge1$str$ptr + 2907908\n2   chromedriver                        0x00000001043f22b0 _RNvCsgXDX2mvAJAg_7___rustc35___rust_no_alloc_shim_is_unstable_v2 + 74020\n3   chromedriver                        0x00000001043ea47c _RNvCsgXDX2mvAJAg_7___rustc35___rust_no_alloc_shim_is_unstable_v2 + 41712\n4   chromedriver                        0x00000001043dd090 cxxbridge1$string$len + 4700\n5   chromedriver                        0x00000001043deb18 cxxbridge1$string$len + 11492\n6   chromedriver                        0x00000001043dd4dc cxxbridge1$string$len + 5800\n7   chromedriver                        0x00000001043dcdf8 cxxbridge1$string$len + 4036\n8   chromedriver                        0x00000001043dcb84 cxxbridge1$string$len + 3408\n9   chromedriver                        0x00000001043da95c chromedriver + 207196\n10  chromedriver                        0x00000001043db3ec chromedriver + 209900\n11  chromedriver                        0x00000001043f5454 _RNvCsgXDX2mvAJAg_7___rustc35___rust_no_alloc_shim_is_unstable_v2 + 86728\n12  chromedriver                        0x000000010447b814 _RNvCsgXDX2mvAJAg_7___rustc35___rust_no_alloc_shim_is_unstable_v2 + 636552\n13  chromedriver                        0x000000010447ad54 _RNvCsgXDX2mvAJAg_7___rustc35___rust_no_alloc_shim_is_unstable_v2 + 633800\n14  chromedriver                        0x000000010442def0 _RNvCsgXDX2mvAJAg_7___rustc35___rust_no_alloc_shim_is_unstable_v2 + 318820\n15  chromedriver                        0x00000001048a60c8 cxxbridge1$str$ptr + 2692164\n16  chromedriver                        0x00000001048a98dc cxxbridge1$str$ptr + 2706520\n17  chromedriver                        0x000000010488684c cxxbridge1$str$ptr + 2563016\n18  chromedriver                        0x00000001048aa1b4 cxxbridge1$str$ptr + 2708784\n19  chromedriver                        0x00000001048780f4 cxxbridge1$str$ptr + 2503792\n20  chromedriver                        0x00000001048c9498 cxxbridge1$str$ptr + 2836500\n21  chromedriver                        0x00000001048c961c cxxbridge1$str$ptr + 2836888\n22  chromedriver                        0x00000001048da7d8 cxxbridge1$str$ptr + 2906964\n23  libsystem_pthread.dylib             0x0000000196721c08 _pthread_start + 136\n24  libsystem_pthread.dylib             0x000000019671cba8 thread_start + 8", "trace": "self = <login_test.TestLogin object at 0x10b065a90>\ndriver = <selenium.webdriver.chrome.webdriver.WebDriver (session=\"4852683231150f1820b5e662b8469c63\")>\n\n    @allure.severity(allure.severity_level.NORMAL)\n    @allure.title(\"Fail Login with Invalid Email Format\")\n    def test_invalid_email_format(self, driver):\n        login_page = LoginPage(driver)\n>       login_page.open()\n\ntests/login_test.py:46: \n_ _ _ _ _ _ _ _ _ _ _ _ _ _ _ _ _ _ _ _ _ _ _ _ _ _ _ _ _ _ _ _ _ _ _ _ _ _ _ _ _ _ _ _ _ _ _ _ _ _ _ _ _ _ _ _ _ _ _ _ _ _ _ \npages/login_page.py:25: in open\n    self.driver.get(self.url)\nqa/lib/python3.13/site-packages/selenium/webdriver/remote/webdriver.py:452: in get\n    self.execute(Command.GET, {\"url\": url})\nqa/lib/python3.13/site-packages/selenium/webdriver/remote/webdriver.py:432: in execute\n    self.error_handler.check_response(response)\n_ _ _ _ _ _ _ _ _ _ _ _ _ _ _ _ _ _ _ _ _ _ _ _ _ _ _ _ _ _ _ _ _ _ _ _ _ _ _ _ _ _ _ _ _ _ _ _ _ _ _ _ _ _ _ _ _ _ _ _ _ _ _ \n\nself = <selenium.webdriver.remote.errorhandler.ErrorHandler object at 0x10b1347d0>\nresponse = {'status': 500, 'value': '{\"value\":{\"error\":\"unknown error\",\"message\":\"unknown error: net::ERR_CONNECTION_REFUSED\\\\n  ...000196721c08 _pthread_start + 136\\\\n24  libsystem_pthread.dylib             0x000000019671cba8 thread_start + 8\\\\n\"}}'}\n\n    def check_response(self, response: dict[str, Any]) -> None:\n        \"\"\"Check that a JSON response from the WebDriver does not have an error.\n    \n        Args:\n            response: The JSON response from the WebDriver server as a dictionary\n                object.\n    \n        Raises:\n            WebDriverException: If the response contains an error message.\n        \"\"\"\n        status = response.get(\"status\", None)\n        if not status or status == ErrorCode.SUCCESS:\n            return\n        value = None\n        message = response.get(\"message\", \"\")\n        screen: str = response.get(\"screen\", \"\")\n        stacktrace = None\n        if isinstance(status, int):\n            value_json = response.get(\"value\", None)\n            if value_json and isinstance(value_json, str):\n                try:\n                    value = json.loads(value_json)\n                    if isinstance(value, dict):\n                        if len(value) == 1:\n                            value = value[\"value\"]\n                        status = value.get(\"error\", None)\n                        if not status:\n                            status = value.get(\"status\", ErrorCode.UNKNOWN_ERROR)\n                            message = value.get(\"value\") or value.get(\"message\")\n                            if not isinstance(message, str):\n                                value = message\n                                message = message.get(\"message\") if isinstance(message, dict) else None\n                        else:\n                            message = value.get(\"message\", None)\n                except ValueError:\n                    pass\n    \n        exception_class: type[WebDriverException]\n        e = ErrorCode()\n        error_codes = [item for item in dir(e) if not item.startswith(\"__\")]\n        for error_code in error_codes:\n            error_info = getattr(ErrorCode, error_code)\n            if isinstance(error_info, list) and status in error_info:\n                exception_class = getattr(ExceptionMapping, error_code, WebDriverException)\n                break\n        else:\n            exception_class = WebDriverException\n    \n        if not value:\n            value = response[\"value\"]\n        if isinstance(value, str):\n            raise exception_class(value)\n        if message == \"\" and \"message\" in value:\n            message = value[\"message\"]\n    \n        screen = None  # type: ignore[assignment]\n        if \"screen\" in value:\n            screen = value[\"screen\"]\n    \n        stacktrace = None\n        st_value = value.get(\"stackTrace\") or value.get(\"stacktrace\")\n        if st_value:\n            if isinstance(st_value, str):\n                stacktrace = st_value.split(\"\\n\")\n            else:\n                stacktrace = []\n                try:\n                    for frame in st_value:\n                        line = frame.get(\"lineNumber\", \"\")\n                        file = frame.get(\"fileName\", \"<anonymous>\")\n                        if line:\n                            file = f\"{file}:{line}\"\n                        meth = frame.get(\"methodName\", \"<anonymous>\")\n                        if \"className\" in frame:\n                            meth = f\"{frame['className']}.{meth}\"\n                        msg = \"    at %s (%s)\"\n                        msg = msg % (meth, file)\n                        stacktrace.append(msg)\n                except TypeError:\n                    pass\n        if exception_class == UnexpectedAlertPresentException:\n            alert_text = None\n            if \"data\" in value:\n                alert_text = value[\"data\"].get(\"text\")\n            elif \"alert\" in value:\n                alert_text = value[\"alert\"].get(\"text\")\n            raise exception_class(message, screen, stacktrace, alert_text)  # type: ignore[call-arg]  # mypy is not smart enough here\n>       raise exception_class(message, screen, stacktrace)\nE       selenium.common.exceptions.WebDriverException: Message: unknown error: net::ERR_CONNECTION_REFUSED\nE         (Session info: chrome=142.0.7444.176)\nE       Stacktrace:\nE       0   chromedriver                        0x00000001048e2ecc cxxbridge1$str$ptr + 2941512\nE       1   chromedriver                        0x00000001048dab88 cxxbridge1$str$ptr + 2907908\nE       2   chromedriver                        0x00000001043f22b0 _RNvCsgXDX2mvAJAg_7___rustc35___rust_no_alloc_shim_is_unstable_v2 + 74020\nE       3   chromedriver                        0x00000001043ea47c _RNvCsgXDX2mvAJAg_7___rustc35___rust_no_alloc_shim_is_unstable_v2 + 41712\nE       4   chromedriver                        0x00000001043dd090 cxxbridge1$string$len + 4700\nE       5   chromedriver                        0x00000001043deb18 cxxbridge1$string$len + 11492\nE       6   chromedriver                        0x00000001043dd4dc cxxbridge1$string$len + 5800\nE       7   chromedriver                        0x00000001043dcdf8 cxxbridge1$string$len + 4036\nE       8   chromedriver                        0x00000001043dcb84 cxxbridge1$string$len + 3408\nE       9   chromedriver                        0x00000001043da95c chromedriver + 207196\nE       10  chromedriver                        0x00000001043db3ec chromedriver + 209900\nE       11  chromedriver                        0x00000001043f5454 _RNvCsgXDX2mvAJAg_7___rustc35___rust_no_alloc_shim_is_unstable_v2 + 86728\nE       12  chromedriver                        0x000000010447b814 _RNvCsgXDX2mvAJAg_7___rustc35___rust_no_alloc_shim_is_unstable_v2 + 636552\nE       13  chromedriver                        0x000000010447ad54 _RNvCsgXDX2mvAJAg_7___rustc35___rust_no_alloc_shim_is_unstable_v2 + 633800\nE       14  chromedriver                        0x000000010442def0 _RNvCsgXDX2mvAJAg_7___rustc35___rust_no_alloc_shim_is_unstable_v2 + 318820\nE       15  chromedriver                        0x00000001048a60c8 cxxbridge1$str$ptr + 2692164\nE       16  chromedriver                        0x00000001048a98dc cxxbridge1$str$ptr + 2706520\nE       17  chromedriver                        0x000000010488684c cxxbridge1$str$ptr + 2563016\nE       18  chromedriver                        0x00000001048aa1b4 cxxbridge1$str$ptr + 2708784\nE       19  chromedriver                        0x00000001048780f4 cxxbridge1$str$ptr + 2503792\nE       20  chromedriver                        0x00000001048c9498 cxxbridge1$str$ptr + 2836500\nE       21  chromedriver                        0x00000001048c961c cxxbridge1$str$ptr + 2836888\nE       22  chromedriver                        0x00000001048da7d8 cxxbridge1$str$ptr + 2906964\nE       23  libsystem_pthread.dylib             0x0000000196721c08 _pthread_start + 136\nE       24  libsystem_pthread.dylib             0x000000019671cba8 thread_start + 8\n\nqa/lib/python3.13/site-packages/selenium/webdriver/remote/errorhandler.py:232: WebDriverException"}, "steps": [{"name": "Navigate to Login Page", "status": "broken", "statusDetails": {"message": "selenium.common.exceptions.WebDriverException: Message: unknown error: net::ERR_CONNECTION_REFUSED\n  (Session info: chrome=142.0.7444.176)\nStacktrace:\n0   chromedriver                        0x00000001048e2ecc cxxbridge1$str$ptr + 2941512\n1   chromedriver                        0x00000001048dab88 cxxbridge1$str$ptr + 2907908\n2   chromedriver                        0x00000001043f22b0 _RNvCsgXDX2mvAJAg_7___rustc35___rust_no_alloc_shim_is_unstable_v2 + 74020\n3   chromedriver                        0x00000001043ea47c _RNvCsgXDX2mvAJAg_7___rustc35___rust_no_alloc_shim_is_unstable_v2 + 41712\n4   chromedriver                        0x00000001043dd090 cxxbridge1$string$len + 4700\n5   chromedriver                        0x00000001043deb18 cxxbridge1$string$len + 11492\n6   chromedriver                        0x00000001043dd4dc cxxbridge1$string$len + 5800\n7   chromedriver                        0x00000001043dcdf8 cxxbridge1$string$len + 4036\n8   chromedriver                        0x00000001043dcb84 cxxbridge1$string$len + 3408\n9   chromedriver                        0x00000001043da95c chromedriver + 207196\n10  chromedriver                        0x00000001043db3ec chromedriver + 209900\n11  chromedriver                        0x00000001043f5454 _RNvCsgXDX2mvAJAg_7___rustc35___rust_no_alloc_shim_is_unstable_v2 + 86728\n12  chromedriver                        0x000000010447b814 _RNvCsgXDX2mvAJAg_7___rustc35___rust_no_alloc_shim_is_unstable_v2 + 636552\n13  chromedriver                        0x000000010447ad54 _RNvCsgXDX2mvAJAg_7___rustc35___rust_no_alloc_shim_is_unstable_v2 + 633800\n14  chromedriver                        0x000000010442def0 _RNvCsgXDX2mvAJAg_7___rustc35___rust_no_alloc_shim_is_unstable_v2 + 318820\n15  chromedriver                        0x00000001048a60c8 cxxbridge1$str$ptr + 2692164\n16  chromedriver                        0x00000001048a98dc cxxbridge1$str$ptr + 2706520\n17  chromedriver                        0x000000010488684c cxxbridge1$str$ptr + 2563016\n18  chromedriver                        0x00000001048aa1b4 cxxbridge1$str$ptr + 2708784\n19  chromedriver                        0x00000001048780f4 cxxbridge1$str$ptr + 2503792\n20  chromedriver                        0x00000001048c9498 cxxbridge1$str$ptr + 2836500\n21  chromedriver                        0x00000001048c961c cxxbridge1$str$ptr + 2836888\n22  chromedriver                        0x00000001048da7d8 cxxbridge1$str$ptr + 2906964\n23  libsystem_pthread.dylib             0x0000000196721c08 _pthread_start + 136\n24  libsystem_pthread.dylib             0x000000019671cba8 thread_start + 8\n\n", "trace": "  File \"/Users/cauecasonato/Envs/qa-automation-portfolio/qa/lib/python3.13/site-packages/allure_commons/_allure.py\", line 202, in impl\n    return func(*a, **kw)\n  File \"/Users/cauecasonato/Envs/qa-automation-portfolio/pages/login_page.py\", line 25, in open\n    self.driver.get(self.url)\n    ~~~~~~~~~~~~~~~^^^^^^^^^^\n  File \"/Users/cauecasonato/Envs/qa-automation-portfolio/qa/lib/python3.13/site-packages/selenium/webdriver/remote/webdriver.py\", line 452, in get\n    self.execute(Command.GET, {\"url\": url})\n    ~~~~~~~~~~~~^^^^^^^^^^^^^^^^^^^^^^^^^^^\n  File \"/Users/cauecasonato/Envs/qa-automation-portfolio/qa/lib/python3.13/site-packages/selenium/webdriver/remote/webdriver.py\", line 432, in execute\n    self.error_handler.check_response(response)\n    ~~~~~~~~~~~~~~~~~~~~~~~~~~~~~~~~~^^^^^^^^^^\n  File \"/Users/cauecasonato/Envs/qa-automation-portfolio/qa/lib/python3.13/site-packages/selenium/webdriver/remote/errorhandler.py\", line 232, in check_response\n    raise exception_class(message, screen, stacktrace)\n"}, "start": 1770244015889, "stop": 1770244015973}], "start": 1770244015889, "stop": 1770244015974, "uuid": "c6668247-f2a7-4380-8166-eea52ad1f76d", "historyId": "488344348478679f5f942c6688ff239b", "testCaseId": "488344348478679f5f942c6688ff239b", "fullName": "tests.login_test.TestLogin#test_invalid_email_format", "labels": [{"name": "feature", "value": "Authentication"}, {"name": "story", "value": "Login"}, {"name": "severity", "value": "normal"}, {"name": "parentSuite", "value": "tests"}, {"name": "suite", "value": "login_test"}, {"name": "subSuite", "value": "TestLogin"}, {"name": "host", "value": "Caues-MacBook-Air.local"}, {"name": "thread", "value": "42404-MainThread"}, {"name": "framework", "value": "pytest"}, {"name": "language", "value": "cpython3"}, {"name": "package", "value": "tests.login_test"}], "titlePath": ["tests", "login_test.py", "TestLogin"]}